<?xml version="1.0" encoding="UTF-8"?>
<!-- Generated by org.testng.reporters.JUnitXMLReporter -->
<testsuite hostname="HW2247" ignored="0" name="Default Test" tests="1" failures="0" timestamp="19 Dec 2017 13:29:31 GMT" time="149.581" errors="0">
  <testcase name="@BeforeTest beforeTest" time="1.637" classname="com.web.automation.accelerators.TestEngineWeb">
    <failure type="java.io.FileNotFoundException" message="C:\SeleniumProjects\GS1\testdata\JiraMapping.csv (The system cannot find the file specified)">
      <![CDATA[java.io.FileNotFoundException: C:\SeleniumProjects\GS1\testdata\JiraMapping.csv (The system cannot find the file specified)
	at java.io.FileInputStream.open0(Native Method)
	at java.io.FileInputStream.open(Unknown Source)
	at java.io.FileInputStream.<init>(Unknown Source)
	at java.io.FileInputStream.<init>(Unknown Source)
	at java.io.FileReader.<init>(Unknown Source)
	at com.web.automation.testmanagement.JiraIntegration.LoadJiraMappingSheet(JiraIntegration.java:173)
	at com.web.automation.accelerators.TestEngineWeb.beforeTest(TestEngineWeb.java:602)
	at java.util.concurrent.FutureTask.run(Unknown Source)
	at java.util.concurrent.ThreadPoolExecutor.runWorker(Unknown Source)
	at java.util.concurrent.ThreadPoolExecutor$Worker.run(Unknown Source)
	at java.lang.Thread.run(Unknown Source)
... Removed 14 stack frames]]>
    </failure>
  </testcase> <!-- @BeforeTest beforeTest -->
  <testcase name="@BeforeClass beforeClass" time="0.0" classname="com.web.automation.accelerators.TestEngineWeb">
    <failure type="java.lang.NullPointerException">
      <![CDATA[java.lang.NullPointerException
	at java.util.concurrent.FutureTask.run(Unknown Source)
	at java.util.concurrent.ThreadPoolExecutor.runWorker(Unknown Source)
	at java.util.concurrent.ThreadPoolExecutor$Worker.run(Unknown Source)
	at java.lang.Thread.run(Unknown Source)
... Removed 11 stack frames]]>
    </failure>
  </testcase> <!-- @BeforeClass beforeClass -->
  <testcase name="@BeforeMethod beforeMethod" time="0.003" classname="com.web.automation.accelerators.TestEngineWeb">
    <failure type="java.lang.NullPointerException">
      <![CDATA[java.lang.NullPointerException
	at com.web.automation.accelerators.TestEngineWeb.beforeMethod(TestEngineWeb.java:971)
	at java.util.concurrent.FutureTask.run(Unknown Source)
	at java.util.concurrent.ThreadPoolExecutor.runWorker(Unknown Source)
	at java.util.concurrent.ThreadPoolExecutor$Worker.run(Unknown Source)
	at java.lang.Thread.run(Unknown Source)
... Removed 18 stack frames]]>
    </failure>
  </testcase> <!-- @BeforeMethod beforeMethod -->
  <testcase name="Qantas_Demo" time="0.003" classname="com.mobile.automation.scripts.QantasDemo_ExtentReports">
    <skipped/>
  </testcase> <!-- Qantas_Demo -->
</testsuite> <!-- Default Test -->
