<?xml version="1.0" encoding="UTF-8"?>
<!-- Generated by org.testng.reporters.JUnitXMLReporter -->
<testsuite hostname="HW2247" ignored="28" name="PhysicalDevice_Android_Web" tests="240" failures="6" timestamp="30 Mar 2018 13:03:40 GMT" time="26129.17" errors="0">
  <testcase name="QuoteErrorResult_Android" time="103.127" classname="com.mobile.automation.scripts.QuoteError_Android"/>
  <testcase name="QuoteErrorResult_Android" time="110.346" classname="com.mobile.automation.scripts.QuoteError_Android"/>
  <testcase name="QuoteErrorResult_Android" time="103.691" classname="com.mobile.automation.scripts.QuoteError_Android"/>
  <testcase name="QuoteErrorResult_Android" time="111.724" classname="com.mobile.automation.scripts.QuoteError_Android"/>
  <testcase name="QuoteErrorResult_Android" time="108.854" classname="com.mobile.automation.scripts.QuoteError_Android"/>
  <testcase name="QuoteErrorResult_Android" time="106.805" classname="com.mobile.automation.scripts.QuoteError_Android"/>
  <testcase name="QuoteErrorResult_Android" time="107.13" classname="com.mobile.automation.scripts.QuoteError_Android"/>
  <testcase name="QuoteErrorResult_Android" time="110.97" classname="com.mobile.automation.scripts.QuoteError_Android"/>
  <testcase name="QuoteErrorResult_Android" time="103.829" classname="com.mobile.automation.scripts.QuoteError_Android"/>
  <testcase name="QuoteErrorResult_Android" time="109.056" classname="com.mobile.automation.scripts.QuoteError_Android"/>
  <testcase name="QuoteErrorResult_Android" time="104.716" classname="com.mobile.automation.scripts.QuoteError_Android"/>
  <testcase name="QuoteErrorResult_Android" time="109.979" classname="com.mobile.automation.scripts.QuoteError_Android"/>
  <testcase name="QuoteErrorResult_Android" time="103.722" classname="com.mobile.automation.scripts.QuoteError_Android"/>
  <testcase name="QuoteErrorResult_Android" time="109.118" classname="com.mobile.automation.scripts.QuoteError_Android"/>
  <testcase name="QuoteErrorResult_Android" time="103.934" classname="com.mobile.automation.scripts.QuoteError_Android"/>
  <testcase name="QuoteErrorResult_Android" time="118.256" classname="com.mobile.automation.scripts.QuoteError_Android"/>
  <testcase name="QuoteErrorResult_Android" time="99.498" classname="com.mobile.automation.scripts.QuoteError_Android"/>
  <testcase name="QuoteErrorResult_Android" time="101.038" classname="com.mobile.automation.scripts.QuoteError_Android"/>
  <testcase name="QuoteErrorResult_Android" time="98.185" classname="com.mobile.automation.scripts.QuoteError_Android"/>
  <testcase name="QuoteErrorResult_Android" time="107.785" classname="com.mobile.automation.scripts.QuoteError_Android"/>
  <testcase name="QuoteErrorResult_Android" time="105.143" classname="com.mobile.automation.scripts.QuoteError_Android"/>
  <testcase name="QuoteErrorResult_Android" time="438.083" classname="com.mobile.automation.scripts.QuoteError_Android"/>
  <testcase name="QuoteErrorResult_Android" time="104.689" classname="com.mobile.automation.scripts.QuoteError_Android"/>
  <testcase name="QuoteErrorResult_Android" time="110.928" classname="com.mobile.automation.scripts.QuoteError_Android"/>
  <testcase name="QuoteErrorResult_Android" time="104.42" classname="com.mobile.automation.scripts.QuoteError_Android"/>
  <testcase name="QuoteErrorResult_Android" time="110.793" classname="com.mobile.automation.scripts.QuoteError_Android"/>
  <testcase name="QuoteErrorResult_Android" time="103.501" classname="com.mobile.automation.scripts.QuoteError_Android"/>
  <testcase name="QuoteErrorResult_Android" time="2.107" classname="com.mobile.automation.scripts.QuoteError_Android">
    <failure type="java.lang.AssertionError" message="Test Case Failed because - Failed to complete QuoteErrorResult">
      <![CDATA[java.lang.AssertionError: Test Case Failed because - Failed to complete QuoteErrorResult
	at org.testng.Assert.fail(Assert.java:93)
	at com.mobile.automation.scripts.QuoteError_Android.TestCaseStatus(QuoteError_Android.java:40)
	at com.mobile.automation.scripts.QuoteError_Android.QuoteErrorResult_Android(QuoteError_Android.java:100)
	at sun.reflect.GeneratedMethodAccessor26.invoke(Unknown Source)
	at sun.reflect.DelegatingMethodAccessorImpl.invoke(Unknown Source)
	at java.lang.reflect.Method.invoke(Unknown Source)
	at org.testng.internal.MethodInvocationHelper.invokeMethod(MethodInvocationHelper.java:108)
	at org.testng.internal.Invoker.invokeMethod(Invoker.java:669)
	at org.testng.internal.Invoker.invokeTestMethod(Invoker.java:877)
	at org.testng.internal.Invoker.invokeTestMethods(Invoker.java:1201)
	at org.testng.internal.TestMethodWorker.invokeTestMethods(TestMethodWorker.java:125)
	at org.testng.internal.TestMethodWorker.run(TestMethodWorker.java:109)
	at org.testng.TestRunner.privateRun(TestRunner.java:776)
	at org.testng.TestRunner.run(TestRunner.java:634)
	at org.testng.SuiteRunner.runTest(SuiteRunner.java:425)
	at org.testng.SuiteRunner.access$000(SuiteRunner.java:40)
	at org.testng.SuiteRunner$SuiteWorker.run(SuiteRunner.java:459)
	at org.testng.internal.thread.ThreadUtil$1.call(ThreadUtil.java:52)
	at java.util.concurrent.FutureTask.run(Unknown Source)
	at java.util.concurrent.ThreadPoolExecutor.runWorker(Unknown Source)
	at java.util.concurrent.ThreadPoolExecutor$Worker.run(Unknown Source)
	at java.lang.Thread.run(Unknown Source)
]]>
    </failure>
  </testcase> <!-- QuoteErrorResult_Android -->
  <testcase name="QuoteErrorResult_Android" time="0.007" classname="com.mobile.automation.scripts.QuoteError_Android">
    <failure type="java.lang.AssertionError" message="Test Case Failed because - Failed to complete QuoteErrorResult">
      <![CDATA[java.lang.AssertionError: Test Case Failed because - Failed to complete QuoteErrorResult
	at org.testng.Assert.fail(Assert.java:93)
	at com.mobile.automation.scripts.QuoteError_Android.TestCaseStatus(QuoteError_Android.java:40)
	at com.mobile.automation.scripts.QuoteError_Android.QuoteErrorResult_Android(QuoteError_Android.java:100)
	at sun.reflect.GeneratedMethodAccessor26.invoke(Unknown Source)
	at sun.reflect.DelegatingMethodAccessorImpl.invoke(Unknown Source)
	at java.lang.reflect.Method.invoke(Unknown Source)
	at org.testng.internal.MethodInvocationHelper.invokeMethod(MethodInvocationHelper.java:108)
	at org.testng.internal.Invoker.invokeMethod(Invoker.java:669)
	at org.testng.internal.Invoker.invokeTestMethod(Invoker.java:877)
	at org.testng.internal.Invoker.invokeTestMethods(Invoker.java:1201)
	at org.testng.internal.TestMethodWorker.invokeTestMethods(TestMethodWorker.java:125)
	at org.testng.internal.TestMethodWorker.run(TestMethodWorker.java:109)
	at org.testng.TestRunner.privateRun(TestRunner.java:776)
	at org.testng.TestRunner.run(TestRunner.java:634)
	at org.testng.SuiteRunner.runTest(SuiteRunner.java:425)
	at org.testng.SuiteRunner.access$000(SuiteRunner.java:40)
	at org.testng.SuiteRunner$SuiteWorker.run(SuiteRunner.java:459)
	at org.testng.internal.thread.ThreadUtil$1.call(ThreadUtil.java:52)
	at java.util.concurrent.FutureTask.run(Unknown Source)
	at java.util.concurrent.ThreadPoolExecutor.runWorker(Unknown Source)
	at java.util.concurrent.ThreadPoolExecutor$Worker.run(Unknown Source)
	at java.lang.Thread.run(Unknown Source)
]]>
    </failure>
  </testcase> <!-- QuoteErrorResult_Android -->
  <testcase name="QuoteErrorResult_Android" time="0.007" classname="com.mobile.automation.scripts.QuoteError_Android">
    <failure type="java.lang.AssertionError" message="Test Case Failed because - Failed to complete QuoteErrorResult">
      <![CDATA[java.lang.AssertionError: Test Case Failed because - Failed to complete QuoteErrorResult
	at org.testng.Assert.fail(Assert.java:93)
	at com.mobile.automation.scripts.QuoteError_Android.TestCaseStatus(QuoteError_Android.java:40)
	at com.mobile.automation.scripts.QuoteError_Android.QuoteErrorResult_Android(QuoteError_Android.java:100)
	at sun.reflect.GeneratedMethodAccessor26.invoke(Unknown Source)
	at sun.reflect.DelegatingMethodAccessorImpl.invoke(Unknown Source)
	at java.lang.reflect.Method.invoke(Unknown Source)
	at org.testng.internal.MethodInvocationHelper.invokeMethod(MethodInvocationHelper.java:108)
	at org.testng.internal.Invoker.invokeMethod(Invoker.java:669)
	at org.testng.internal.Invoker.invokeTestMethod(Invoker.java:877)
	at org.testng.internal.Invoker.invokeTestMethods(Invoker.java:1201)
	at org.testng.internal.TestMethodWorker.invokeTestMethods(TestMethodWorker.java:125)
	at org.testng.internal.TestMethodWorker.run(TestMethodWorker.java:109)
	at org.testng.TestRunner.privateRun(TestRunner.java:776)
	at org.testng.TestRunner.run(TestRunner.java:634)
	at org.testng.SuiteRunner.runTest(SuiteRunner.java:425)
	at org.testng.SuiteRunner.access$000(SuiteRunner.java:40)
	at org.testng.SuiteRunner$SuiteWorker.run(SuiteRunner.java:459)
	at org.testng.internal.thread.ThreadUtil$1.call(ThreadUtil.java:52)
	at java.util.concurrent.FutureTask.run(Unknown Source)
	at java.util.concurrent.ThreadPoolExecutor.runWorker(Unknown Source)
	at java.util.concurrent.ThreadPoolExecutor$Worker.run(Unknown Source)
	at java.lang.Thread.run(Unknown Source)
]]>
    </failure>
  </testcase> <!-- QuoteErrorResult_Android -->
  <testcase name="QuoteIDMatrixRecordNotFound_Android" time="102.553" classname="com.mobile.automation.scripts.QuoteIDMatrixRecordNotFound_Android"/>
  <testcase name="QuoteIDMatrixRecordNotFound_Android" time="112.323" classname="com.mobile.automation.scripts.QuoteIDMatrixRecordNotFound_Android"/>
  <testcase name="QuoteIDMatrixRecordNotFound_Android" time="99.077" classname="com.mobile.automation.scripts.QuoteIDMatrixRecordNotFound_Android"/>
  <testcase name="QuoteIDMatrixRecordNotFound_Android" time="112.921" classname="com.mobile.automation.scripts.QuoteIDMatrixRecordNotFound_Android"/>
  <testcase name="QuoteIDMatrixRecordNotFound_Android" time="108.546" classname="com.mobile.automation.scripts.QuoteIDMatrixRecordNotFound_Android"/>
  <testcase name="QuoteIDMatrixRecordNotFound_Android" time="111.541" classname="com.mobile.automation.scripts.QuoteIDMatrixRecordNotFound_Android"/>
  <testcase name="QuoteIDMatrixRecordNotFound_Android" time="102.898" classname="com.mobile.automation.scripts.QuoteIDMatrixRecordNotFound_Android"/>
  <testcase name="QuoteIDMatrixRecordNotFound_Android" time="109.169" classname="com.mobile.automation.scripts.QuoteIDMatrixRecordNotFound_Android"/>
  <testcase name="QuoteIDMatrixRecordNotFound_Android" time="108.014" classname="com.mobile.automation.scripts.QuoteIDMatrixRecordNotFound_Android"/>
  <testcase name="QuoteIDMatrixRecordNotFound_Android" time="109.688" classname="com.mobile.automation.scripts.QuoteIDMatrixRecordNotFound_Android"/>
  <testcase name="QuoteIDMatrixRecordNotFound_Android" time="104.556" classname="com.mobile.automation.scripts.QuoteIDMatrixRecordNotFound_Android"/>
  <testcase name="QuoteIDMatrixRecordNotFound_Android" time="110.135" classname="com.mobile.automation.scripts.QuoteIDMatrixRecordNotFound_Android"/>
  <testcase name="QuoteIDMatrixRecordNotFound_Android" time="105.748" classname="com.mobile.automation.scripts.QuoteIDMatrixRecordNotFound_Android"/>
  <testcase name="QuoteIDMatrixRecordNotFound_Android" time="116.624" classname="com.mobile.automation.scripts.QuoteIDMatrixRecordNotFound_Android"/>
  <testcase name="QuoteIDMatrixRecordNotFound_Android" time="105.092" classname="com.mobile.automation.scripts.QuoteIDMatrixRecordNotFound_Android"/>
  <testcase name="QuoteIDMatrixRecordNotFound_Android" time="113.204" classname="com.mobile.automation.scripts.QuoteIDMatrixRecordNotFound_Android"/>
  <testcase name="QuoteIDMatrixRecordNotFound_Android" time="103.949" classname="com.mobile.automation.scripts.QuoteIDMatrixRecordNotFound_Android"/>
  <testcase name="QuoteIDMatrixRecordNotFound_Android" time="110.28" classname="com.mobile.automation.scripts.QuoteIDMatrixRecordNotFound_Android"/>
  <testcase name="QuoteIDMatrixRecordNotFound_Android" time="104.714" classname="com.mobile.automation.scripts.QuoteIDMatrixRecordNotFound_Android"/>
  <testcase name="QuoteIDMatrixRecordNotFound_Android" time="111.202" classname="com.mobile.automation.scripts.QuoteIDMatrixRecordNotFound_Android"/>
  <testcase name="QuoteIDMatrixRecordNotFound_Android" time="105.123" classname="com.mobile.automation.scripts.QuoteIDMatrixRecordNotFound_Android"/>
  <testcase name="QuoteIDMatrixRecordNotFound_Android" time="109.269" classname="com.mobile.automation.scripts.QuoteIDMatrixRecordNotFound_Android"/>
  <testcase name="QuoteIDMatrixRecordNotFound_Android" time="105.555" classname="com.mobile.automation.scripts.QuoteIDMatrixRecordNotFound_Android"/>
  <testcase name="QuoteIDMatrixRecordNotFound_Android" time="113.245" classname="com.mobile.automation.scripts.QuoteIDMatrixRecordNotFound_Android"/>
  <testcase name="QuoteIDMatrixRecordNotFound_Android" time="104.999" classname="com.mobile.automation.scripts.QuoteIDMatrixRecordNotFound_Android"/>
  <testcase name="QuoteIDMatrixRecordNotFound_Android" time="111.778" classname="com.mobile.automation.scripts.QuoteIDMatrixRecordNotFound_Android"/>
  <testcase name="QuoteIDMatrixRecordNotFound_Android" time="105.656" classname="com.mobile.automation.scripts.QuoteIDMatrixRecordNotFound_Android"/>
  <testcase name="QuoteIDMatrixRecordNotFound_Android" time="113.027" classname="com.mobile.automation.scripts.QuoteIDMatrixRecordNotFound_Android"/>
  <testcase name="QuoteIDMatrixRecordNotFound_Android" time="105.627" classname="com.mobile.automation.scripts.QuoteIDMatrixRecordNotFound_Android"/>
  <testcase name="QuoteIDMatrixRecordNotFound_Android" time="113.987" classname="com.mobile.automation.scripts.QuoteIDMatrixRecordNotFound_Android"/>
  <testcase name="QuoteVedaRecordNotFound_Android" time="103.113" classname="com.mobile.automation.scripts.QuoteVedaRecordNotFound_Android"/>
  <testcase name="QuoteVedaRecordNotFound_Android" time="109.393" classname="com.mobile.automation.scripts.QuoteVedaRecordNotFound_Android"/>
  <testcase name="QuoteVedaRecordNotFound_Android" time="112.339" classname="com.mobile.automation.scripts.QuoteVedaRecordNotFound_Android"/>
  <testcase name="QuoteVedaRecordNotFound_Android" time="112.799" classname="com.mobile.automation.scripts.QuoteVedaRecordNotFound_Android"/>
  <testcase name="QuoteVedaRecordNotFound_Android" time="102.177" classname="com.mobile.automation.scripts.QuoteVedaRecordNotFound_Android"/>
  <testcase name="QuoteVedaRecordNotFound_Android" time="110.315" classname="com.mobile.automation.scripts.QuoteVedaRecordNotFound_Android"/>
  <testcase name="QuoteVedaRecordNotFound_Android" time="111.378" classname="com.mobile.automation.scripts.QuoteVedaRecordNotFound_Android"/>
  <testcase name="QuoteVedaRecordNotFound_Android" time="109.539" classname="com.mobile.automation.scripts.QuoteVedaRecordNotFound_Android"/>
  <testcase name="QuoteVedaRecordNotFound_Android" time="105.134" classname="com.mobile.automation.scripts.QuoteVedaRecordNotFound_Android"/>
  <testcase name="QuoteVedaRecordNotFound_Android" time="108.562" classname="com.mobile.automation.scripts.QuoteVedaRecordNotFound_Android"/>
  <testcase name="QuoteVedaRecordNotFound_Android" time="104.372" classname="com.mobile.automation.scripts.QuoteVedaRecordNotFound_Android"/>
  <testcase name="QuoteVedaRecordNotFound_Android" time="112.514" classname="com.mobile.automation.scripts.QuoteVedaRecordNotFound_Android"/>
  <testcase name="QuoteVedaRecordNotFound_Android" time="104.891" classname="com.mobile.automation.scripts.QuoteVedaRecordNotFound_Android"/>
  <testcase name="QuoteVedaRecordNotFound_Android" time="109.885" classname="com.mobile.automation.scripts.QuoteVedaRecordNotFound_Android"/>
  <testcase name="QuoteVedaRecordNotFound_Android" time="103.975" classname="com.mobile.automation.scripts.QuoteVedaRecordNotFound_Android"/>
  <testcase name="QuoteVedaRecordNotFound_Android" time="112.355" classname="com.mobile.automation.scripts.QuoteVedaRecordNotFound_Android"/>
  <testcase name="QuoteVedaRecordNotFound_Android" time="105.619" classname="com.mobile.automation.scripts.QuoteVedaRecordNotFound_Android"/>
  <testcase name="QuoteVedaRecordNotFound_Android" time="108.17" classname="com.mobile.automation.scripts.QuoteVedaRecordNotFound_Android"/>
  <testcase name="QuoteVedaRecordNotFound_Android" time="104.719" classname="com.mobile.automation.scripts.QuoteVedaRecordNotFound_Android"/>
  <testcase name="QuoteVedaRecordNotFound_Android" time="108.452" classname="com.mobile.automation.scripts.QuoteVedaRecordNotFound_Android"/>
  <testcase name="QuoteVedaRecordNotFound_Android" time="105.526" classname="com.mobile.automation.scripts.QuoteVedaRecordNotFound_Android"/>
  <testcase name="QuoteVedaRecordNotFound_Android" time="109.427" classname="com.mobile.automation.scripts.QuoteVedaRecordNotFound_Android"/>
  <testcase name="QuoteVedaRecordNotFound_Android" time="104.325" classname="com.mobile.automation.scripts.QuoteVedaRecordNotFound_Android"/>
  <testcase name="QuoteVedaRecordNotFound_Android" time="112.451" classname="com.mobile.automation.scripts.QuoteVedaRecordNotFound_Android"/>
  <testcase name="QuoteVedaRecordNotFound_Android" time="107.418" classname="com.mobile.automation.scripts.QuoteVedaRecordNotFound_Android"/>
  <testcase name="QuoteVedaRecordNotFound_Android" time="112.712" classname="com.mobile.automation.scripts.QuoteVedaRecordNotFound_Android"/>
  <testcase name="QuoteVedaRecordNotFound_Android" time="104.761" classname="com.mobile.automation.scripts.QuoteVedaRecordNotFound_Android"/>
  <testcase name="QuoteVedaRecordNotFound_Android" time="113.021" classname="com.mobile.automation.scripts.QuoteVedaRecordNotFound_Android"/>
  <testcase name="QuoteVedaRecordNotFound_Android" time="103.902" classname="com.mobile.automation.scripts.QuoteVedaRecordNotFound_Android"/>
  <testcase name="QuoteVedaRecordNotFound_Android" time="111.03" classname="com.mobile.automation.scripts.QuoteVedaRecordNotFound_Android"/>
  <testcase name="QuoteAccept_Android" time="105.057" classname="com.mobile.automation.scripts.QuoteAccept_Android"/>
  <testcase name="QuoteAccept_Android" time="113.189" classname="com.mobile.automation.scripts.QuoteAccept_Android"/>
  <testcase name="QuoteAccept_Android" time="104.58" classname="com.mobile.automation.scripts.QuoteAccept_Android"/>
  <testcase name="QuoteAccept_Android" time="114.354" classname="com.mobile.automation.scripts.QuoteAccept_Android"/>
  <testcase name="QuoteAccept_Android" time="108.157" classname="com.mobile.automation.scripts.QuoteAccept_Android"/>
  <testcase name="QuoteAccept_Android" time="114.424" classname="com.mobile.automation.scripts.QuoteAccept_Android"/>
  <testcase name="QuoteAccept_Android" time="106.718" classname="com.mobile.automation.scripts.QuoteAccept_Android"/>
  <testcase name="QuoteAccept_Android" time="118.928" classname="com.mobile.automation.scripts.QuoteAccept_Android"/>
  <testcase name="QuoteAccept_Android" time="101.618" classname="com.mobile.automation.scripts.QuoteAccept_Android"/>
  <testcase name="QuoteAccept_Android" time="110.04" classname="com.mobile.automation.scripts.QuoteAccept_Android"/>
  <testcase name="QuoteAccept_Android" time="105.793" classname="com.mobile.automation.scripts.QuoteAccept_Android"/>
  <testcase name="QuoteAccept_Android" time="110.016" classname="com.mobile.automation.scripts.QuoteAccept_Android"/>
  <testcase name="QuoteAccept_Android" time="111.48" classname="com.mobile.automation.scripts.QuoteAccept_Android"/>
  <testcase name="QuoteAccept_Android" time="112.26" classname="com.mobile.automation.scripts.QuoteAccept_Android"/>
  <testcase name="QuoteAccept_Android" time="105.193" classname="com.mobile.automation.scripts.QuoteAccept_Android"/>
  <testcase name="QuoteAccept_Android" time="111.425" classname="com.mobile.automation.scripts.QuoteAccept_Android"/>
  <testcase name="QuoteAccept_Android" time="105.831" classname="com.mobile.automation.scripts.QuoteAccept_Android"/>
  <testcase name="QuoteAccept_Android" time="103.573" classname="com.mobile.automation.scripts.QuoteAccept_Android"/>
  <testcase name="QuoteAccept_Android" time="105.184" classname="com.mobile.automation.scripts.QuoteAccept_Android"/>
  <testcase name="QuoteAccept_Android" time="111.027" classname="com.mobile.automation.scripts.QuoteAccept_Android"/>
  <testcase name="QuoteAccept_Android" time="101.422" classname="com.mobile.automation.scripts.QuoteAccept_Android"/>
  <testcase name="QuoteAccept_Android" time="111.349" classname="com.mobile.automation.scripts.QuoteAccept_Android"/>
  <testcase name="QuoteAccept_Android" time="104.967" classname="com.mobile.automation.scripts.QuoteAccept_Android"/>
  <testcase name="QuoteAccept_Android" time="111.966" classname="com.mobile.automation.scripts.QuoteAccept_Android"/>
  <testcase name="QuoteAccept_Android" time="106.406" classname="com.mobile.automation.scripts.QuoteAccept_Android"/>
  <testcase name="QuoteAccept_Android" time="112.771" classname="com.mobile.automation.scripts.QuoteAccept_Android"/>
  <testcase name="QuoteAccept_Android" time="105.782" classname="com.mobile.automation.scripts.QuoteAccept_Android"/>
  <testcase name="QuoteAccept_Android" time="111.675" classname="com.mobile.automation.scripts.QuoteAccept_Android"/>
  <testcase name="QuoteAccept_Android" time="106.379" classname="com.mobile.automation.scripts.QuoteAccept_Android"/>
  <testcase name="QuoteAccept_Android" time="113.813" classname="com.mobile.automation.scripts.QuoteAccept_Android"/>
  <testcase name="QuoteReferHomeBuyer_Android" time="105.92" classname="com.mobile.automation.scripts.QuoteReferHomeBuyer_Android"/>
  <testcase name="QuoteReferHomeBuyer_Android" time="110.872" classname="com.mobile.automation.scripts.QuoteReferHomeBuyer_Android"/>
  <testcase name="QuoteReferHomeBuyer_Android" time="106.614" classname="com.mobile.automation.scripts.QuoteReferHomeBuyer_Android"/>
  <testcase name="QuoteReferHomeBuyer_Android" time="107.768" classname="com.mobile.automation.scripts.QuoteReferHomeBuyer_Android"/>
  <testcase name="QuoteReferHomeBuyer_Android" time="102.197" classname="com.mobile.automation.scripts.QuoteReferHomeBuyer_Android"/>
  <testcase name="QuoteReferHomeBuyer_Android" time="115.807" classname="com.mobile.automation.scripts.QuoteReferHomeBuyer_Android"/>
  <testcase name="QuoteReferHomeBuyer_Android" time="108.149" classname="com.mobile.automation.scripts.QuoteReferHomeBuyer_Android"/>
  <testcase name="QuoteReferHomeBuyer_Android" time="111.427" classname="com.mobile.automation.scripts.QuoteReferHomeBuyer_Android"/>
  <testcase name="QuoteReferHomeBuyer_Android" time="107.139" classname="com.mobile.automation.scripts.QuoteReferHomeBuyer_Android"/>
  <testcase name="QuoteReferHomeBuyer_Android" time="113.927" classname="com.mobile.automation.scripts.QuoteReferHomeBuyer_Android"/>
  <testcase name="QuoteReferHomeBuyer_Android" time="107.182" classname="com.mobile.automation.scripts.QuoteReferHomeBuyer_Android"/>
  <testcase name="QuoteReferHomeBuyer_Android" time="111.177" classname="com.mobile.automation.scripts.QuoteReferHomeBuyer_Android"/>
  <testcase name="QuoteReferHomeBuyer_Android" time="107.017" classname="com.mobile.automation.scripts.QuoteReferHomeBuyer_Android"/>
  <testcase name="QuoteReferHomeBuyer_Android" time="113.538" classname="com.mobile.automation.scripts.QuoteReferHomeBuyer_Android"/>
  <testcase name="QuoteReferHomeBuyer_Android" time="105.812" classname="com.mobile.automation.scripts.QuoteReferHomeBuyer_Android"/>
  <testcase name="QuoteReferHomeBuyer_Android" time="110.27" classname="com.mobile.automation.scripts.QuoteReferHomeBuyer_Android"/>
  <testcase name="QuoteReferHomeBuyer_Android" time="107.119" classname="com.mobile.automation.scripts.QuoteReferHomeBuyer_Android"/>
  <testcase name="QuoteReferHomeBuyer_Android" time="112.936" classname="com.mobile.automation.scripts.QuoteReferHomeBuyer_Android"/>
  <testcase name="QuoteReferHomeBuyer_Android" time="107.209" classname="com.mobile.automation.scripts.QuoteReferHomeBuyer_Android"/>
  <testcase name="QuoteReferHomeBuyer_Android" time="114.579" classname="com.mobile.automation.scripts.QuoteReferHomeBuyer_Android"/>
  <testcase name="QuoteReferHomeBuyer_Android" time="107.067" classname="com.mobile.automation.scripts.QuoteReferHomeBuyer_Android"/>
  <testcase name="QuoteReferHomeBuyer_Android" time="113.341" classname="com.mobile.automation.scripts.QuoteReferHomeBuyer_Android"/>
  <testcase name="QuoteReferHomeBuyer_Android" time="100.729" classname="com.mobile.automation.scripts.QuoteReferHomeBuyer_Android"/>
  <testcase name="QuoteReferHomeBuyer_Android" time="112.358" classname="com.mobile.automation.scripts.QuoteReferHomeBuyer_Android"/>
  <testcase name="QuoteReferHomeBuyer_Android" time="108.881" classname="com.mobile.automation.scripts.QuoteReferHomeBuyer_Android"/>
  <testcase name="QuoteReferHomeBuyer_Android" time="112.077" classname="com.mobile.automation.scripts.QuoteReferHomeBuyer_Android"/>
  <testcase name="QuoteReferHomeBuyer_Android" time="99.487" classname="com.mobile.automation.scripts.QuoteReferHomeBuyer_Android"/>
  <testcase name="QuoteReferHomeBuyer_Android" time="0.008" classname="com.mobile.automation.scripts.QuoteReferHomeBuyer_Android">
    <failure type="java.lang.AssertionError" message="Test Case Failed because - Failed to complete QuoteReferHomeBuyerResult">
      <![CDATA[java.lang.AssertionError: Test Case Failed because - Failed to complete QuoteReferHomeBuyerResult
	at org.testng.Assert.fail(Assert.java:93)
	at com.mobile.automation.scripts.QuoteReferHomeBuyer_Android.TestCaseStatus(QuoteReferHomeBuyer_Android.java:40)
	at com.mobile.automation.scripts.QuoteReferHomeBuyer_Android.QuoteReferHomeBuyer_Android(QuoteReferHomeBuyer_Android.java:100)
	at sun.reflect.GeneratedMethodAccessor40.invoke(Unknown Source)
	at sun.reflect.DelegatingMethodAccessorImpl.invoke(Unknown Source)
	at java.lang.reflect.Method.invoke(Unknown Source)
	at org.testng.internal.MethodInvocationHelper.invokeMethod(MethodInvocationHelper.java:108)
	at org.testng.internal.Invoker.invokeMethod(Invoker.java:669)
	at org.testng.internal.Invoker.invokeTestMethod(Invoker.java:877)
	at org.testng.internal.Invoker.invokeTestMethods(Invoker.java:1201)
	at org.testng.internal.TestMethodWorker.invokeTestMethods(TestMethodWorker.java:125)
	at org.testng.internal.TestMethodWorker.run(TestMethodWorker.java:109)
	at org.testng.TestRunner.privateRun(TestRunner.java:776)
	at org.testng.TestRunner.run(TestRunner.java:634)
	at org.testng.SuiteRunner.runTest(SuiteRunner.java:425)
	at org.testng.SuiteRunner.access$000(SuiteRunner.java:40)
	at org.testng.SuiteRunner$SuiteWorker.run(SuiteRunner.java:459)
	at org.testng.internal.thread.ThreadUtil$1.call(ThreadUtil.java:52)
	at java.util.concurrent.FutureTask.run(Unknown Source)
	at java.util.concurrent.ThreadPoolExecutor.runWorker(Unknown Source)
	at java.util.concurrent.ThreadPoolExecutor$Worker.run(Unknown Source)
	at java.lang.Thread.run(Unknown Source)
]]>
    </failure>
  </testcase> <!-- QuoteReferHomeBuyer_Android -->
  <testcase name="QuoteReferHomeBuyer_Android" time="0.008" classname="com.mobile.automation.scripts.QuoteReferHomeBuyer_Android">
    <failure type="java.lang.AssertionError" message="Test Case Failed because - Failed to complete QuoteReferHomeBuyerResult">
      <![CDATA[java.lang.AssertionError: Test Case Failed because - Failed to complete QuoteReferHomeBuyerResult
	at org.testng.Assert.fail(Assert.java:93)
	at com.mobile.automation.scripts.QuoteReferHomeBuyer_Android.TestCaseStatus(QuoteReferHomeBuyer_Android.java:40)
	at com.mobile.automation.scripts.QuoteReferHomeBuyer_Android.QuoteReferHomeBuyer_Android(QuoteReferHomeBuyer_Android.java:100)
	at sun.reflect.GeneratedMethodAccessor40.invoke(Unknown Source)
	at sun.reflect.DelegatingMethodAccessorImpl.invoke(Unknown Source)
	at java.lang.reflect.Method.invoke(Unknown Source)
	at org.testng.internal.MethodInvocationHelper.invokeMethod(MethodInvocationHelper.java:108)
	at org.testng.internal.Invoker.invokeMethod(Invoker.java:669)
	at org.testng.internal.Invoker.invokeTestMethod(Invoker.java:877)
	at org.testng.internal.Invoker.invokeTestMethods(Invoker.java:1201)
	at org.testng.internal.TestMethodWorker.invokeTestMethods(TestMethodWorker.java:125)
	at org.testng.internal.TestMethodWorker.run(TestMethodWorker.java:109)
	at org.testng.TestRunner.privateRun(TestRunner.java:776)
	at org.testng.TestRunner.run(TestRunner.java:634)
	at org.testng.SuiteRunner.runTest(SuiteRunner.java:425)
	at org.testng.SuiteRunner.access$000(SuiteRunner.java:40)
	at org.testng.SuiteRunner$SuiteWorker.run(SuiteRunner.java:459)
	at org.testng.internal.thread.ThreadUtil$1.call(ThreadUtil.java:52)
	at java.util.concurrent.FutureTask.run(Unknown Source)
	at java.util.concurrent.ThreadPoolExecutor.runWorker(Unknown Source)
	at java.util.concurrent.ThreadPoolExecutor$Worker.run(Unknown Source)
	at java.lang.Thread.run(Unknown Source)
]]>
    </failure>
  </testcase> <!-- QuoteReferHomeBuyer_Android -->
  <testcase name="QuoteReferHomeBuyer_Android" time="0.007" classname="com.mobile.automation.scripts.QuoteReferHomeBuyer_Android">
    <failure type="java.lang.AssertionError" message="Test Case Failed because - Failed to complete QuoteReferHomeBuyerResult">
      <![CDATA[java.lang.AssertionError: Test Case Failed because - Failed to complete QuoteReferHomeBuyerResult
	at org.testng.Assert.fail(Assert.java:93)
	at com.mobile.automation.scripts.QuoteReferHomeBuyer_Android.TestCaseStatus(QuoteReferHomeBuyer_Android.java:40)
	at com.mobile.automation.scripts.QuoteReferHomeBuyer_Android.QuoteReferHomeBuyer_Android(QuoteReferHomeBuyer_Android.java:100)
	at sun.reflect.GeneratedMethodAccessor40.invoke(Unknown Source)
	at sun.reflect.DelegatingMethodAccessorImpl.invoke(Unknown Source)
	at java.lang.reflect.Method.invoke(Unknown Source)
	at org.testng.internal.MethodInvocationHelper.invokeMethod(MethodInvocationHelper.java:108)
	at org.testng.internal.Invoker.invokeMethod(Invoker.java:669)
	at org.testng.internal.Invoker.invokeTestMethod(Invoker.java:877)
	at org.testng.internal.Invoker.invokeTestMethods(Invoker.java:1201)
	at org.testng.internal.TestMethodWorker.invokeTestMethods(TestMethodWorker.java:125)
	at org.testng.internal.TestMethodWorker.run(TestMethodWorker.java:109)
	at org.testng.TestRunner.privateRun(TestRunner.java:776)
	at org.testng.TestRunner.run(TestRunner.java:634)
	at org.testng.SuiteRunner.runTest(SuiteRunner.java:425)
	at org.testng.SuiteRunner.access$000(SuiteRunner.java:40)
	at org.testng.SuiteRunner$SuiteWorker.run(SuiteRunner.java:459)
	at org.testng.internal.thread.ThreadUtil$1.call(ThreadUtil.java:52)
	at java.util.concurrent.FutureTask.run(Unknown Source)
	at java.util.concurrent.ThreadPoolExecutor.runWorker(Unknown Source)
	at java.util.concurrent.ThreadPoolExecutor$Worker.run(Unknown Source)
	at java.lang.Thread.run(Unknown Source)
]]>
    </failure>
  </testcase> <!-- QuoteReferHomeBuyer_Android -->
  <testcase name="QuoteReferFSA_Android" time="103.633" classname="com.mobile.automation.scripts.QuoteReferFSA_Android"/>
  <testcase name="QuoteReferFSA_Android" time="105.632" classname="com.mobile.automation.scripts.QuoteReferFSA_Android"/>
  <testcase name="QuoteReferFSA_Android" time="97.682" classname="com.mobile.automation.scripts.QuoteReferFSA_Android"/>
  <testcase name="QuoteReferFSA_Android" time="108.278" classname="com.mobile.automation.scripts.QuoteReferFSA_Android"/>
  <testcase name="QuoteReferFSA_Android" time="100.102" classname="com.mobile.automation.scripts.QuoteReferFSA_Android"/>
  <testcase name="QuoteReferFSA_Android" time="111.017" classname="com.mobile.automation.scripts.QuoteReferFSA_Android"/>
  <testcase name="QuoteReferFSA_Android" time="105.632" classname="com.mobile.automation.scripts.QuoteReferFSA_Android"/>
  <testcase name="QuoteReferFSA_Android" time="111.414" classname="com.mobile.automation.scripts.QuoteReferFSA_Android"/>
  <testcase name="QuoteReferFSA_Android" time="106.963" classname="com.mobile.automation.scripts.QuoteReferFSA_Android"/>
  <testcase name="QuoteReferFSA_Android" time="105.572" classname="com.mobile.automation.scripts.QuoteReferFSA_Android"/>
  <testcase name="QuoteReferFSA_Android" time="110.482" classname="com.mobile.automation.scripts.QuoteReferFSA_Android"/>
  <testcase name="QuoteReferFSA_Android" time="109.611" classname="com.mobile.automation.scripts.QuoteReferFSA_Android"/>
  <testcase name="QuoteReferFSA_Android" time="105.82" classname="com.mobile.automation.scripts.QuoteReferFSA_Android"/>
  <testcase name="QuoteReferFSA_Android" time="105.452" classname="com.mobile.automation.scripts.QuoteReferFSA_Android"/>
  <testcase name="QuoteReferFSA_Android" time="108.494" classname="com.mobile.automation.scripts.QuoteReferFSA_Android"/>
  <testcase name="QuoteReferFSA_Android" time="104.268" classname="com.mobile.automation.scripts.QuoteReferFSA_Android"/>
  <testcase name="QuoteReferFSA_Android" time="106.23" classname="com.mobile.automation.scripts.QuoteReferFSA_Android"/>
  <testcase name="QuoteReferFSA_Android" time="111.864" classname="com.mobile.automation.scripts.QuoteReferFSA_Android"/>
  <testcase name="QuoteReferFSA_Android" time="105.736" classname="com.mobile.automation.scripts.QuoteReferFSA_Android"/>
  <testcase name="QuoteReferFSA_Android" time="110.918" classname="com.mobile.automation.scripts.QuoteReferFSA_Android"/>
  <testcase name="QuoteReferFSA_Android" time="116.381" classname="com.mobile.automation.scripts.QuoteReferFSA_Android"/>
  <testcase name="QuoteReferFSA_Android" time="110.668" classname="com.mobile.automation.scripts.QuoteReferFSA_Android"/>
  <testcase name="QuoteReferFSA_Android" time="104.646" classname="com.mobile.automation.scripts.QuoteReferFSA_Android"/>
  <testcase name="QuoteReferFSA_Android" time="112.121" classname="com.mobile.automation.scripts.QuoteReferFSA_Android"/>
  <testcase name="QuoteReferFSA_Android" time="105.404" classname="com.mobile.automation.scripts.QuoteReferFSA_Android"/>
  <testcase name="QuoteReferFSA_Android" time="111.455" classname="com.mobile.automation.scripts.QuoteReferFSA_Android"/>
  <testcase name="QuoteReferFSA_Android" time="104.008" classname="com.mobile.automation.scripts.QuoteReferFSA_Android"/>
  <testcase name="QuoteReferFSA_Android" time="111.846" classname="com.mobile.automation.scripts.QuoteReferFSA_Android"/>
  <testcase name="QuoteReferFSA_Android" time="105.643" classname="com.mobile.automation.scripts.QuoteReferFSA_Android"/>
  <testcase name="QuoteReferFSA_Android" time="114.746" classname="com.mobile.automation.scripts.QuoteReferFSA_Android"/>
  <testcase name="QuoteReferBizCover_Android" time="104.967" classname="com.mobile.automation.scripts.QuoteReferBizCover_Android"/>
  <testcase name="QuoteReferBizCover_Android" time="102.348" classname="com.mobile.automation.scripts.QuoteReferBizCover_Android"/>
  <testcase name="QuoteReferBizCover_Android" time="103.404" classname="com.mobile.automation.scripts.QuoteReferBizCover_Android"/>
  <testcase name="QuoteReferBizCover_Android" time="110.961" classname="com.mobile.automation.scripts.QuoteReferBizCover_Android"/>
  <testcase name="QuoteReferBizCover_Android" time="106.882" classname="com.mobile.automation.scripts.QuoteReferBizCover_Android"/>
  <testcase name="QuoteReferBizCover_Android" time="110.823" classname="com.mobile.automation.scripts.QuoteReferBizCover_Android"/>
  <testcase name="QuoteReferBizCover_Android" time="104.443" classname="com.mobile.automation.scripts.QuoteReferBizCover_Android"/>
  <testcase name="QuoteReferBizCover_Android" time="110.558" classname="com.mobile.automation.scripts.QuoteReferBizCover_Android"/>
  <testcase name="QuoteReferBizCover_Android" time="97.666" classname="com.mobile.automation.scripts.QuoteReferBizCover_Android"/>
  <testcase name="QuoteReferBizCover_Android" time="108.572" classname="com.mobile.automation.scripts.QuoteReferBizCover_Android"/>
  <testcase name="QuoteReferBizCover_Android" time="103.765" classname="com.mobile.automation.scripts.QuoteReferBizCover_Android"/>
  <testcase name="QuoteReferBizCover_Android" time="113.355" classname="com.mobile.automation.scripts.QuoteReferBizCover_Android"/>
  <testcase name="QuoteReferBizCover_Android" time="108.143" classname="com.mobile.automation.scripts.QuoteReferBizCover_Android"/>
  <testcase name="QuoteReferBizCover_Android" time="109.762" classname="com.mobile.automation.scripts.QuoteReferBizCover_Android"/>
  <testcase name="QuoteReferBizCover_Android" time="106.637" classname="com.mobile.automation.scripts.QuoteReferBizCover_Android"/>
  <testcase name="QuoteReferBizCover_Android" time="110.634" classname="com.mobile.automation.scripts.QuoteReferBizCover_Android"/>
  <testcase name="QuoteReferBizCover_Android" time="105.027" classname="com.mobile.automation.scripts.QuoteReferBizCover_Android"/>
  <testcase name="QuoteReferBizCover_Android" time="109.815" classname="com.mobile.automation.scripts.QuoteReferBizCover_Android"/>
  <testcase name="QuoteReferBizCover_Android" time="98.8" classname="com.mobile.automation.scripts.QuoteReferBizCover_Android"/>
  <testcase name="QuoteReferBizCover_Android" time="109.571" classname="com.mobile.automation.scripts.QuoteReferBizCover_Android"/>
  <testcase name="QuoteReferBizCover_Android" time="105.982" classname="com.mobile.automation.scripts.QuoteReferBizCover_Android"/>
  <testcase name="QuoteReferBizCover_Android" time="109.447" classname="com.mobile.automation.scripts.QuoteReferBizCover_Android"/>
  <testcase name="QuoteReferBizCover_Android" time="104.83" classname="com.mobile.automation.scripts.QuoteReferBizCover_Android"/>
  <testcase name="QuoteReferBizCover_Android" time="105.587" classname="com.mobile.automation.scripts.QuoteReferBizCover_Android"/>
  <testcase name="QuoteReferBizCover_Android" time="105.733" classname="com.mobile.automation.scripts.QuoteReferBizCover_Android"/>
  <testcase name="QuoteReferBizCover_Android" time="111.564" classname="com.mobile.automation.scripts.QuoteReferBizCover_Android"/>
  <testcase name="QuoteReferBizCover_Android" time="103.788" classname="com.mobile.automation.scripts.QuoteReferBizCover_Android"/>
  <testcase name="QuoteReferBizCover_Android" time="112.87" classname="com.mobile.automation.scripts.QuoteReferBizCover_Android"/>
  <testcase name="QuoteReferBizCover_Android" time="103.897" classname="com.mobile.automation.scripts.QuoteReferBizCover_Android"/>
  <testcase name="QuoteReferBizCover_Android" time="111.609" classname="com.mobile.automation.scripts.QuoteReferBizCover_Android"/>
  <testcase name="QuoteThankYou_Android" time="103.585" classname="com.mobile.automation.scripts.QuoteThankYou_Android"/>
  <testcase name="QuoteThankYou_Android" time="106.272" classname="com.mobile.automation.scripts.QuoteThankYou_Android"/>
  <testcase name="QuoteThankYou_Android" time="102.628" classname="com.mobile.automation.scripts.QuoteThankYou_Android"/>
  <testcase name="QuoteThankYou_Android" time="110.363" classname="com.mobile.automation.scripts.QuoteThankYou_Android"/>
  <testcase name="QuoteThankYou_Android" time="104.723" classname="com.mobile.automation.scripts.QuoteThankYou_Android"/>
  <testcase name="QuoteThankYou_Android" time="109.519" classname="com.mobile.automation.scripts.QuoteThankYou_Android"/>
  <testcase name="QuoteThankYou_Android" time="104.574" classname="com.mobile.automation.scripts.QuoteThankYou_Android"/>
  <testcase name="QuoteThankYou_Android" time="108.386" classname="com.mobile.automation.scripts.QuoteThankYou_Android"/>
  <testcase name="QuoteThankYou_Android" time="103.584" classname="com.mobile.automation.scripts.QuoteThankYou_Android"/>
  <testcase name="QuoteThankYou_Android" time="109.178" classname="com.mobile.automation.scripts.QuoteThankYou_Android"/>
  <testcase name="QuoteThankYou_Android" time="103.835" classname="com.mobile.automation.scripts.QuoteThankYou_Android"/>
  <testcase name="QuoteThankYou_Android" time="110.719" classname="com.mobile.automation.scripts.QuoteThankYou_Android"/>
  <testcase name="QuoteThankYou_Android" time="103.903" classname="com.mobile.automation.scripts.QuoteThankYou_Android"/>
  <testcase name="QuoteThankYou_Android" time="109.528" classname="com.mobile.automation.scripts.QuoteThankYou_Android"/>
  <testcase name="QuoteThankYou_Android" time="104.223" classname="com.mobile.automation.scripts.QuoteThankYou_Android"/>
  <testcase name="QuoteThankYou_Android" time="108.073" classname="com.mobile.automation.scripts.QuoteThankYou_Android"/>
  <testcase name="QuoteThankYou_Android" time="103.472" classname="com.mobile.automation.scripts.QuoteThankYou_Android"/>
  <testcase name="QuoteThankYou_Android" time="109.369" classname="com.mobile.automation.scripts.QuoteThankYou_Android"/>
  <testcase name="QuoteThankYou_Android" time="103.879" classname="com.mobile.automation.scripts.QuoteThankYou_Android"/>
  <testcase name="QuoteThankYou_Android" time="108.409" classname="com.mobile.automation.scripts.QuoteThankYou_Android"/>
  <testcase name="QuoteThankYou_Android" time="103.641" classname="com.mobile.automation.scripts.QuoteThankYou_Android"/>
  <testcase name="QuoteThankYou_Android" time="110.686" classname="com.mobile.automation.scripts.QuoteThankYou_Android"/>
  <testcase name="QuoteThankYou_Android" time="104.275" classname="com.mobile.automation.scripts.QuoteThankYou_Android"/>
  <testcase name="QuoteThankYou_Android" time="109.714" classname="com.mobile.automation.scripts.QuoteThankYou_Android"/>
  <testcase name="QuoteThankYou_Android" time="105.239" classname="com.mobile.automation.scripts.QuoteThankYou_Android"/>
  <testcase name="QuoteThankYou_Android" time="109.862" classname="com.mobile.automation.scripts.QuoteThankYou_Android"/>
  <testcase name="QuoteThankYou_Android" time="104.892" classname="com.mobile.automation.scripts.QuoteThankYou_Android"/>
  <testcase name="QuoteThankYou_Android" time="111.972" classname="com.mobile.automation.scripts.QuoteThankYou_Android"/>
  <testcase name="QuoteThankYou_Android" time="105.624" classname="com.mobile.automation.scripts.QuoteThankYou_Android"/>
  <testcase name="QuoteThankYou_Android" time="112.43" classname="com.mobile.automation.scripts.QuoteThankYou_Android"/>
  <testcase name="@AfterSuite afterSuite" time="0.0" classname="com.mobile.automation.accelerators.MobileEngine">
    <ignored/>
  </testcase> <!-- @AfterSuite afterSuite -->
  <testcase name="@AfterSuite afterSuite" time="0.0" classname="com.mobile.automation.accelerators.MobileEngine">
    <ignored/>
  </testcase> <!-- @AfterSuite afterSuite -->
  <testcase name="@AfterSuite afterSuite" time="0.0" classname="com.mobile.automation.accelerators.MobileEngine">
    <ignored/>
  </testcase> <!-- @AfterSuite afterSuite -->
  <testcase name="@AfterSuite afterSuite" time="0.0" classname="com.mobile.automation.accelerators.MobileEngine">
    <ignored/>
  </testcase> <!-- @AfterSuite afterSuite -->
  <testcase name="@AfterSuite afterSuite" time="0.0" classname="com.mobile.automation.accelerators.MobileEngine">
    <ignored/>
  </testcase> <!-- @AfterSuite afterSuite -->
  <testcase name="@AfterSuite afterSuite" time="0.0" classname="com.mobile.automation.accelerators.MobileEngine">
    <ignored/>
  </testcase> <!-- @AfterSuite afterSuite -->
  <testcase name="@AfterSuite afterSuite" time="0.0" classname="com.mobile.automation.accelerators.MobileEngine">
    <ignored/>
  </testcase> <!-- @AfterSuite afterSuite -->
  <testcase name="@BeforeSuite beforeSuite" time="0.0" classname="com.mobile.automation.accelerators.MobileEngine">
    <ignored/>
  </testcase> <!-- @BeforeSuite beforeSuite -->
  <testcase name="@BeforeSuite beforeSuite" time="0.0" classname="com.mobile.automation.accelerators.MobileEngine">
    <ignored/>
  </testcase> <!-- @BeforeSuite beforeSuite -->
  <testcase name="@BeforeSuite beforeSuite" time="0.0" classname="com.mobile.automation.accelerators.MobileEngine">
    <ignored/>
  </testcase> <!-- @BeforeSuite beforeSuite -->
  <testcase name="@BeforeSuite beforeSuite" time="0.0" classname="com.mobile.automation.accelerators.MobileEngine">
    <ignored/>
  </testcase> <!-- @BeforeSuite beforeSuite -->
  <testcase name="@BeforeSuite beforeSuite" time="0.0" classname="com.mobile.automation.accelerators.MobileEngine">
    <ignored/>
  </testcase> <!-- @BeforeSuite beforeSuite -->
  <testcase name="@BeforeSuite beforeSuite" time="0.0" classname="com.mobile.automation.accelerators.MobileEngine">
    <ignored/>
  </testcase> <!-- @BeforeSuite beforeSuite -->
  <testcase name="@BeforeSuite beforeSuite" time="0.0" classname="com.mobile.automation.accelerators.MobileEngine">
    <ignored/>
  </testcase> <!-- @BeforeSuite beforeSuite -->
  <testcase name="@BeforeTest beforeTest" time="0.0" classname="com.mobile.automation.accelerators.MobileEngine">
    <ignored/>
  </testcase> <!-- @BeforeTest beforeTest -->
  <testcase name="@BeforeTest beforeTest" time="0.0" classname="com.mobile.automation.accelerators.MobileEngine">
    <ignored/>
  </testcase> <!-- @BeforeTest beforeTest -->
  <testcase name="@BeforeTest beforeTest" time="0.0" classname="com.mobile.automation.accelerators.MobileEngine">
    <ignored/>
  </testcase> <!-- @BeforeTest beforeTest -->
  <testcase name="@BeforeTest beforeTest" time="0.0" classname="com.mobile.automation.accelerators.MobileEngine">
    <ignored/>
  </testcase> <!-- @BeforeTest beforeTest -->
  <testcase name="@BeforeTest beforeTest" time="0.0" classname="com.mobile.automation.accelerators.MobileEngine">
    <ignored/>
  </testcase> <!-- @BeforeTest beforeTest -->
  <testcase name="@BeforeTest beforeTest" time="0.0" classname="com.mobile.automation.accelerators.MobileEngine">
    <ignored/>
  </testcase> <!-- @BeforeTest beforeTest -->
  <testcase name="@BeforeTest beforeTest" time="0.0" classname="com.mobile.automation.accelerators.MobileEngine">
    <ignored/>
  </testcase> <!-- @BeforeTest beforeTest -->
  <testcase name="@AfterTest afterTest" time="0.0" classname="com.mobile.automation.accelerators.MobileEngine">
    <ignored/>
  </testcase> <!-- @AfterTest afterTest -->
  <testcase name="@AfterTest afterTest" time="0.0" classname="com.mobile.automation.accelerators.MobileEngine">
    <ignored/>
  </testcase> <!-- @AfterTest afterTest -->
  <testcase name="@AfterTest afterTest" time="0.0" classname="com.mobile.automation.accelerators.MobileEngine">
    <ignored/>
  </testcase> <!-- @AfterTest afterTest -->
  <testcase name="@AfterTest afterTest" time="0.0" classname="com.mobile.automation.accelerators.MobileEngine">
    <ignored/>
  </testcase> <!-- @AfterTest afterTest -->
  <testcase name="@AfterTest afterTest" time="0.0" classname="com.mobile.automation.accelerators.MobileEngine">
    <ignored/>
  </testcase> <!-- @AfterTest afterTest -->
  <testcase name="@AfterTest afterTest" time="0.0" classname="com.mobile.automation.accelerators.MobileEngine">
    <ignored/>
  </testcase> <!-- @AfterTest afterTest -->
  <testcase name="@AfterTest afterTest" time="0.0" classname="com.mobile.automation.accelerators.MobileEngine">
    <ignored/>
  </testcase> <!-- @AfterTest afterTest -->
</testsuite> <!-- PhysicalDevice_Android_Web -->
