<?xml version="1.0" encoding="UTF-8"?>
<!-- Generated by org.testng.reporters.JUnitXMLReporter -->
<testsuite hostname="HW1121" ignored="0" name="Test" tests="1" failures="0" timestamp="12 Oct 2017 11:04:58 GMT" time="72.167" errors="0">
  <testcase name="@BeforeTest beforeTest" time="1.672" classname="com.web.automation.accelerators.TestEngineWeb">
    <failure type="java.io.FileNotFoundException" message="C:\Venu\Selenium Projects\GS1\testdata\JiraMapping.csv (The system cannot find the file specified)">
      <![CDATA[java.io.FileNotFoundException: C:\Venu\Selenium Projects\GS1\testdata\JiraMapping.csv (The system cannot find the file specified)
	at java.io.FileInputStream.open0(Native Method)
	at java.io.FileInputStream.open(Unknown Source)
	at java.io.FileInputStream.<init>(Unknown Source)
	at java.io.FileInputStream.<init>(Unknown Source)
	at java.io.FileReader.<init>(Unknown Source)
	at com.web.automation.testmanagement.JiraIntegration.LoadJiraMappingSheet(JiraIntegration.java:173)
	at com.web.automation.accelerators.TestEngineWeb.beforeTest(TestEngineWeb.java:602)
... Removed 23 stack frames]]>
    </failure>
  </testcase> <!-- @BeforeTest beforeTest -->
  <testcase name="@BeforeMethod beforeMethod" time="0.0" classname="com.mobile.automation.scripts.QantasDemo">
    <skipped/>
  </testcase> <!-- @BeforeMethod beforeMethod -->
  <testcase name="Test" time="0.0" classname="com.mobile.automation.scripts.QantasDemo">
    <skipped/>
  </testcase> <!-- Test -->
</testsuite> <!-- Test -->
