<?xml version="1.0" encoding="UTF-8"?>
<testng-results skipped="0" failed="0" ignored="0" total="1" passed="1">
  <reporter-output>
  </reporter-output>
  <suite name="Default suite" duration-ms="84618" started-at="2018-04-23T07:05:00Z" finished-at="2018-04-23T07:06:24Z">
    <groups>
      <group name="regression">
        <method signature="CreateJournal.QuoteAccept(java.lang.String, java.lang.String, java.lang.String, java.lang.String, java.lang.String, java.lang.String)[pri:0, instance:com.web.automation.scripts.CreateJournal@3bbc39f8]" name="QuoteAccept" class="com.web.automation.scripts.CreateJournal"/>
      </group> <!-- regression -->
      <group name="smoke">
        <method signature="CreateJournal.QuoteAccept(java.lang.String, java.lang.String, java.lang.String, java.lang.String, java.lang.String, java.lang.String)[pri:0, instance:com.web.automation.scripts.CreateJournal@3bbc39f8]" name="QuoteAccept" class="com.web.automation.scripts.CreateJournal"/>
      </group> <!-- smoke -->
    </groups>
    <test name="Default test 2" duration-ms="84618" started-at="2018-04-23T07:05:00Z" finished-at="2018-04-23T07:06:24Z">
      <class name="com.web.automation.scripts.CreateJournal">
        <test-method status="PASS" signature="beforeSuite(org.testng.ITestContext)[pri:0, instance:com.web.automation.scripts.CreateJournal@3bbc39f8]" name="beforeSuite" is-config="true" duration-ms="902" started-at="2018-04-23T12:34:59Z" finished-at="2018-04-23T12:35:00Z">
          <params>
            <param index="0">
              <value>
                <![CDATA[org.testng.TestRunner@41c89d2f]]>
              </value>
            </param>
          </params>
          <reporter-output>
          </reporter-output>
        </test-method> <!-- beforeSuite -->
        <test-method status="PASS" signature="beforeTest(org.testng.ITestContext)[pri:0, instance:com.web.automation.scripts.CreateJournal@3bbc39f8]" name="beforeTest" is-config="true" duration-ms="1950" started-at="2018-04-23T12:35:00Z" finished-at="2018-04-23T12:35:02Z">
          <params>
            <param index="0">
              <value>
                <![CDATA[org.testng.TestRunner@41c89d2f]]>
              </value>
            </param>
          </params>
          <reporter-output>
          </reporter-output>
        </test-method> <!-- beforeTest -->
        <test-method status="PASS" signature="beforeClass()[pri:0, instance:com.web.automation.scripts.CreateJournal@3bbc39f8]" name="beforeClass" is-config="true" duration-ms="19438" started-at="2018-04-23T12:35:02Z" finished-at="2018-04-23T12:35:21Z">
          <reporter-output>
          </reporter-output>
        </test-method> <!-- beforeClass -->
        <test-method status="PASS" signature="beforeMethod(java.lang.reflect.Method)[pri:0, instance:com.web.automation.scripts.CreateJournal@3bbc39f8]" name="beforeMethod" is-config="true" duration-ms="1914" started-at="2018-04-23T12:35:25Z" finished-at="2018-04-23T12:35:27Z">
          <params>
            <param index="0">
              <value>
                <![CDATA[public void com.web.automation.scripts.CreateJournal.QuoteAccept(java.lang.String,java.lang.String,java.lang.String,java.lang.String,java.lang.String,java.lang.String) throws java.lang.Throwable]]>
              </value>
            </param>
          </params>
          <reporter-output>
          </reporter-output>
        </test-method> <!-- beforeMethod -->
        <test-method status="PASS" signature="QuoteAccept(java.lang.String, java.lang.String, java.lang.String, java.lang.String, java.lang.String, java.lang.String)[pri:0, instance:com.web.automation.scripts.CreateJournal@3bbc39f8]" name="QuoteAccept" duration-ms="23340" started-at="2018-04-23T12:35:27Z" description="Create Journal" data-provider="DataSets" finished-at="2018-04-23T12:35:51Z">
          <params>
            <param index="0">
              <value>
                <![CDATA[Cigniti]]>
              </value>
            </param>
            <param index="1">
              <value>
                <![CDATA[Cigniti123]]>
              </value>
            </param>
            <param index="2">
              <value>
                <![CDATA[BatchTest11]]>
              </value>
            </param>
            <param index="3">
              <value>
                <![CDATA[C2 & " description"]]>
              </value>
            </param>
            <param index="4">
              <value>
                <![CDATA[Header11]]>
              </value>
            </param>
            <param index="5">
              <value>
                <![CDATA[E2& " description"]]>
              </value>
            </param>
          </params>
          <reporter-output>
          </reporter-output>
        </test-method> <!-- QuoteAccept -->
        <test-method status="PASS" signature="afterMethod(java.lang.reflect.Method, org.testng.ITestResult)[pri:0, instance:com.web.automation.scripts.CreateJournal@3bbc39f8]" name="afterMethod" is-config="true" duration-ms="1658" started-at="2018-04-23T12:35:51Z" finished-at="2018-04-23T12:35:52Z">
          <params>
            <param index="0">
              <value>
                <![CDATA[public void com.web.automation.scripts.CreateJournal.QuoteAccept(java.lang.String,java.lang.String,java.lang.String,java.lang.String,java.lang.String,java.lang.String) throws java.lang.Throwable]]>
              </value>
            </param>
            <param index="1">
              <value>
                <![CDATA[[TestResult name=QuoteAccept status=SUCCESS method=CreateJournal.QuoteAccept(java.lang.String, java.lang.String, java.lang.String, java.lang.String, java.lang.String, java.lang.String)[pri:0, instance:com.web.automation.scripts.CreateJournal@3bbc39f8] output={null}]]]>
              </value>
            </param>
          </params>
          <reporter-output>
          </reporter-output>
        </test-method> <!-- afterMethod -->
        <test-method status="PASS" signature="afterClass()[pri:0, instance:com.web.automation.scripts.CreateJournal@3bbc39f8]" name="afterClass" is-config="true" duration-ms="31865" started-at="2018-04-23T12:35:52Z" finished-at="2018-04-23T12:36:24Z">
          <reporter-output>
          </reporter-output>
        </test-method> <!-- afterClass -->
        <test-method status="PASS" signature="afterTest()[pri:0, instance:com.web.automation.scripts.CreateJournal@3bbc39f8]" name="afterTest" is-config="true" duration-ms="141" started-at="2018-04-23T12:36:24Z" finished-at="2018-04-23T12:36:24Z">
          <reporter-output>
          </reporter-output>
        </test-method> <!-- afterTest -->
        <test-method status="PASS" signature="afterSuite()[pri:0, instance:com.web.automation.scripts.CreateJournal@3bbc39f8]" name="afterSuite" is-config="true" duration-ms="1425" started-at="2018-04-23T12:36:25Z" finished-at="2018-04-23T12:36:26Z">
          <reporter-output>
          </reporter-output>
        </test-method> <!-- afterSuite -->
      </class> <!-- com.web.automation.scripts.CreateJournal -->
    </test> <!-- Default test 2 -->
  </suite> <!-- Default suite -->
</testng-results>
