<?xml version="1.0" encoding="UTF-8"?>
<!-- Generated by org.testng.reporters.JUnitReportReporter -->
<testsuite skipped="0" hostname="HW2247" name="com.mobile.automation.scripts.QuoteRefer_Android" tests="30" failures="0" timestamp="27 Mar 2018 11:21:26 GMT" time="366.289" errors="27">
  <testcase name="QuoteRefer_Android" time="0.031" classname="com.mobile.automation.scripts.QuoteRefer_Android">
    <error type="org.openqa.selenium.remote.SessionNotFoundException" message="A session is either terminated or not started (WARNING: The server did not provide any stacktrace information)
Command duration or timeout: 5 milliseconds
Build info: version: &#039;unknown&#039;, revision: &#039;f233563&#039;, time: &#039;2016-07-28 17:43:42 -0700&#039;
System info: host: &#039;HW2247&#039;, ip: &#039;10.250.84.47&#039;, os.name: &#039;Windows 7&#039;, os.arch: &#039;amd64&#039;, os.version: &#039;6.1&#039;, java.version: &#039;1.8.0_144&#039;
Driver info: io.appium.java_client.android.AndroidDriver
Capabilities [{locationServicesEnabled=false, deviceName=9885b64b575a4f534a, platform=LINUX, deviceUDID=9885b64b575a4f534a, password=Jyothi@321, chromedriverExecutable=C:/Users/e001207/Documents/DirectMoney/Project/WisrAutomation//Tool//chromedrivers//windows//chromedriver.exe, desired={bundleId=com.apple.mobilesafari.app, locationServicesEnabled=false, deviceName=Samsung S7, password=Jyothi@321, chromedriverExecutable=C:/Users/e001207/Documents/DirectMoney/Project/WisrAutomation//Tool//chromedrivers//windows//chromedriver.exe, locationServicesAuthorized=true, newCommandTimeout=1000000, platformVersion=7.0, useLocationServices=true, browserName=Chrome, platformName=Android, udid=9885b64b575a4f534a, user=jyothi.sanku@cigniti.com}, locationServicesAuthorized=true, newCommandTimeout=1000000, platformVersion=7.0, webStorageEnabled=false, takesScreenshot=true, browserName=Chrome, javascriptEnabled=true, platformName=Android, udid=9885b64b575a4f534a, deviceManufacturer=samsung, deviceScreenSize=1440x2560, networkConnectionEnabled=true, warnings={}, bundleId=com.apple.mobilesafari.app, databaseEnabled=false, locationContextEnabled=false, useLocationServices=true, deviceModel=SM-G930W8, user=jyothi.sanku@cigniti.com}]
Session ID: 7c18dc70-394a-4116-bbd8-4140dff29f47">
      <![CDATA[org.openqa.selenium.remote.SessionNotFoundException: A session is either terminated or not started (WARNING: The server did not provide any stacktrace information)
Command duration or timeout: 5 milliseconds
Build info: version: 'unknown', revision: 'f233563', time: '2016-07-28 17:43:42 -0700'
System info: host: 'HW2247', ip: '10.250.84.47', os.name: 'Windows 7', os.arch: 'amd64', os.version: '6.1', java.version: '1.8.0_144'
Driver info: io.appium.java_client.android.AndroidDriver
Capabilities [{locationServicesEnabled=false, deviceName=9885b64b575a4f534a, platform=LINUX, deviceUDID=9885b64b575a4f534a, password=Jyothi@321, chromedriverExecutable=C:/Users/e001207/Documents/DirectMoney/Project/WisrAutomation//Tool//chromedrivers//windows//chromedriver.exe, desired={bundleId=com.apple.mobilesafari.app, locationServicesEnabled=false, deviceName=Samsung S7, password=Jyothi@321, chromedriverExecutable=C:/Users/e001207/Documents/DirectMoney/Project/WisrAutomation//Tool//chromedrivers//windows//chromedriver.exe, locationServicesAuthorized=true, newCommandTimeout=1000000, platformVersion=7.0, useLocationServices=true, browserName=Chrome, platformName=Android, udid=9885b64b575a4f534a, user=jyothi.sanku@cigniti.com}, locationServicesAuthorized=true, newCommandTimeout=1000000, platformVersion=7.0, webStorageEnabled=false, takesScreenshot=true, browserName=Chrome, javascriptEnabled=true, platformName=Android, udid=9885b64b575a4f534a, deviceManufacturer=samsung, deviceScreenSize=1440x2560, networkConnectionEnabled=true, warnings={}, bundleId=com.apple.mobilesafari.app, databaseEnabled=false, locationContextEnabled=false, useLocationServices=true, deviceModel=SM-G930W8, user=jyothi.sanku@cigniti.com}]
Session ID: 7c18dc70-394a-4116-bbd8-4140dff29f47
	at sun.reflect.NativeConstructorAccessorImpl.newInstance0(Native Method)
	at sun.reflect.NativeConstructorAccessorImpl.newInstance(Unknown Source)
	at sun.reflect.DelegatingConstructorAccessorImpl.newInstance(Unknown Source)
	at java.lang.reflect.Constructor.newInstance(Unknown Source)
	at org.openqa.selenium.remote.ErrorHandler.createThrowable(ErrorHandler.java:206)
	at org.openqa.selenium.remote.ErrorHandler.throwIfResponseFailed(ErrorHandler.java:158)
	at org.openqa.selenium.remote.RemoteWebDriver.execute(RemoteWebDriver.java:683)
	at io.appium.java_client.DefaultGenericMobileDriver.execute(DefaultGenericMobileDriver.java:43)
	at io.appium.java_client.AppiumDriver.execute(AppiumDriver.java:1)
	at io.appium.java_client.android.AndroidDriver.execute(AndroidDriver.java:1)
	at org.openqa.selenium.remote.RemoteWebDriver.get(RemoteWebDriver.java:331)
	at org.openqa.selenium.remote.RemoteWebDriver$RemoteNavigation.to(RemoteWebDriver.java:974)
	at com.mobile.automation.scripts.QuoteRefer_Android.QuoteRefer_Android(QuoteRefer_Android.java:74)
	at sun.reflect.NativeMethodAccessorImpl.invoke0(Native Method)
	at sun.reflect.NativeMethodAccessorImpl.invoke(Unknown Source)
	at sun.reflect.DelegatingMethodAccessorImpl.invoke(Unknown Source)
	at java.lang.reflect.Method.invoke(Unknown Source)
	at org.testng.internal.MethodInvocationHelper.invokeMethod(MethodInvocationHelper.java:108)
	at org.testng.internal.Invoker.invokeMethod(Invoker.java:669)
	at org.testng.internal.Invoker.invokeTestMethod(Invoker.java:877)
	at org.testng.internal.Invoker.invokeTestMethods(Invoker.java:1201)
	at org.testng.internal.TestMethodWorker.invokeTestMethods(TestMethodWorker.java:125)
	at org.testng.internal.TestMethodWorker.run(TestMethodWorker.java:109)
	at org.testng.TestRunner.privateRun(TestRunner.java:776)
	at org.testng.TestRunner.run(TestRunner.java:634)
	at org.testng.SuiteRunner.runTest(SuiteRunner.java:425)
	at org.testng.SuiteRunner.access$000(SuiteRunner.java:40)
	at org.testng.SuiteRunner$SuiteWorker.run(SuiteRunner.java:459)
	at org.testng.internal.thread.ThreadUtil$1.call(ThreadUtil.java:52)
	at java.util.concurrent.FutureTask.run(Unknown Source)
	at java.util.concurrent.ThreadPoolExecutor.runWorker(Unknown Source)
	at java.util.concurrent.ThreadPoolExecutor$Worker.run(Unknown Source)
	at java.lang.Thread.run(Unknown Source)
]]>
    </error>
  </testcase> <!-- QuoteRefer_Android -->
  <testcase name="QuoteRefer_Android" time="105.919" classname="com.mobile.automation.scripts.QuoteRefer_Android"/>
  <testcase name="QuoteRefer_Android" time="0.026" classname="com.mobile.automation.scripts.QuoteRefer_Android">
    <error type="org.openqa.selenium.remote.SessionNotFoundException" message="A session is either terminated or not started (WARNING: The server did not provide any stacktrace information)
Command duration or timeout: 5 milliseconds
Build info: version: &#039;unknown&#039;, revision: &#039;f233563&#039;, time: &#039;2016-07-28 17:43:42 -0700&#039;
System info: host: &#039;HW2247&#039;, ip: &#039;10.250.84.47&#039;, os.name: &#039;Windows 7&#039;, os.arch: &#039;amd64&#039;, os.version: &#039;6.1&#039;, java.version: &#039;1.8.0_144&#039;
Driver info: io.appium.java_client.android.AndroidDriver
Capabilities [{locationServicesEnabled=false, deviceName=9885b64b575a4f534a, platform=LINUX, deviceUDID=9885b64b575a4f534a, password=Jyothi@321, chromedriverExecutable=C:/Users/e001207/Documents/DirectMoney/Project/WisrAutomation//Tool//chromedrivers//windows//chromedriver.exe, desired={bundleId=com.apple.mobilesafari.app, locationServicesEnabled=false, deviceName=Samsung S7, password=Jyothi@321, chromedriverExecutable=C:/Users/e001207/Documents/DirectMoney/Project/WisrAutomation//Tool//chromedrivers//windows//chromedriver.exe, locationServicesAuthorized=true, newCommandTimeout=1000000, platformVersion=7.0, useLocationServices=true, browserName=Chrome, platformName=Android, udid=9885b64b575a4f534a, user=jyothi.sanku@cigniti.com}, locationServicesAuthorized=true, newCommandTimeout=1000000, platformVersion=7.0, webStorageEnabled=false, takesScreenshot=true, browserName=Chrome, javascriptEnabled=true, platformName=Android, udid=9885b64b575a4f534a, deviceManufacturer=samsung, deviceScreenSize=1440x2560, networkConnectionEnabled=true, warnings={}, bundleId=com.apple.mobilesafari.app, databaseEnabled=false, locationContextEnabled=false, useLocationServices=true, deviceModel=SM-G930W8, user=jyothi.sanku@cigniti.com}]
Session ID: 7c18dc70-394a-4116-bbd8-4140dff29f47">
      <![CDATA[org.openqa.selenium.remote.SessionNotFoundException: A session is either terminated or not started (WARNING: The server did not provide any stacktrace information)
Command duration or timeout: 5 milliseconds
Build info: version: 'unknown', revision: 'f233563', time: '2016-07-28 17:43:42 -0700'
System info: host: 'HW2247', ip: '10.250.84.47', os.name: 'Windows 7', os.arch: 'amd64', os.version: '6.1', java.version: '1.8.0_144'
Driver info: io.appium.java_client.android.AndroidDriver
Capabilities [{locationServicesEnabled=false, deviceName=9885b64b575a4f534a, platform=LINUX, deviceUDID=9885b64b575a4f534a, password=Jyothi@321, chromedriverExecutable=C:/Users/e001207/Documents/DirectMoney/Project/WisrAutomation//Tool//chromedrivers//windows//chromedriver.exe, desired={bundleId=com.apple.mobilesafari.app, locationServicesEnabled=false, deviceName=Samsung S7, password=Jyothi@321, chromedriverExecutable=C:/Users/e001207/Documents/DirectMoney/Project/WisrAutomation//Tool//chromedrivers//windows//chromedriver.exe, locationServicesAuthorized=true, newCommandTimeout=1000000, platformVersion=7.0, useLocationServices=true, browserName=Chrome, platformName=Android, udid=9885b64b575a4f534a, user=jyothi.sanku@cigniti.com}, locationServicesAuthorized=true, newCommandTimeout=1000000, platformVersion=7.0, webStorageEnabled=false, takesScreenshot=true, browserName=Chrome, javascriptEnabled=true, platformName=Android, udid=9885b64b575a4f534a, deviceManufacturer=samsung, deviceScreenSize=1440x2560, networkConnectionEnabled=true, warnings={}, bundleId=com.apple.mobilesafari.app, databaseEnabled=false, locationContextEnabled=false, useLocationServices=true, deviceModel=SM-G930W8, user=jyothi.sanku@cigniti.com}]
Session ID: 7c18dc70-394a-4116-bbd8-4140dff29f47
	at sun.reflect.NativeConstructorAccessorImpl.newInstance0(Native Method)
	at sun.reflect.NativeConstructorAccessorImpl.newInstance(Unknown Source)
	at sun.reflect.DelegatingConstructorAccessorImpl.newInstance(Unknown Source)
	at java.lang.reflect.Constructor.newInstance(Unknown Source)
	at org.openqa.selenium.remote.ErrorHandler.createThrowable(ErrorHandler.java:206)
	at org.openqa.selenium.remote.ErrorHandler.throwIfResponseFailed(ErrorHandler.java:158)
	at org.openqa.selenium.remote.RemoteWebDriver.execute(RemoteWebDriver.java:683)
	at io.appium.java_client.DefaultGenericMobileDriver.execute(DefaultGenericMobileDriver.java:43)
	at io.appium.java_client.AppiumDriver.execute(AppiumDriver.java:1)
	at io.appium.java_client.android.AndroidDriver.execute(AndroidDriver.java:1)
	at org.openqa.selenium.remote.RemoteWebDriver.get(RemoteWebDriver.java:331)
	at org.openqa.selenium.remote.RemoteWebDriver$RemoteNavigation.to(RemoteWebDriver.java:974)
	at com.mobile.automation.scripts.QuoteRefer_Android.QuoteRefer_Android(QuoteRefer_Android.java:74)
	at sun.reflect.GeneratedMethodAccessor26.invoke(Unknown Source)
	at sun.reflect.DelegatingMethodAccessorImpl.invoke(Unknown Source)
	at java.lang.reflect.Method.invoke(Unknown Source)
	at org.testng.internal.MethodInvocationHelper.invokeMethod(MethodInvocationHelper.java:108)
	at org.testng.internal.Invoker.invokeMethod(Invoker.java:669)
	at org.testng.internal.Invoker.invokeTestMethod(Invoker.java:877)
	at org.testng.internal.Invoker.invokeTestMethods(Invoker.java:1201)
	at org.testng.internal.TestMethodWorker.invokeTestMethods(TestMethodWorker.java:125)
	at org.testng.internal.TestMethodWorker.run(TestMethodWorker.java:109)
	at org.testng.TestRunner.privateRun(TestRunner.java:776)
	at org.testng.TestRunner.run(TestRunner.java:634)
	at org.testng.SuiteRunner.runTest(SuiteRunner.java:425)
	at org.testng.SuiteRunner.access$000(SuiteRunner.java:40)
	at org.testng.SuiteRunner$SuiteWorker.run(SuiteRunner.java:459)
	at org.testng.internal.thread.ThreadUtil$1.call(ThreadUtil.java:52)
	at java.util.concurrent.FutureTask.run(Unknown Source)
	at java.util.concurrent.ThreadPoolExecutor.runWorker(Unknown Source)
	at java.util.concurrent.ThreadPoolExecutor$Worker.run(Unknown Source)
	at java.lang.Thread.run(Unknown Source)
]]>
    </error>
  </testcase> <!-- QuoteRefer_Android -->
  <testcase name="QuoteRefer_Android" time="0.026" classname="com.mobile.automation.scripts.QuoteRefer_Android">
    <error type="org.openqa.selenium.remote.SessionNotFoundException" message="A session is either terminated or not started (WARNING: The server did not provide any stacktrace information)
Command duration or timeout: 4 milliseconds
Build info: version: &#039;unknown&#039;, revision: &#039;f233563&#039;, time: &#039;2016-07-28 17:43:42 -0700&#039;
System info: host: &#039;HW2247&#039;, ip: &#039;10.250.84.47&#039;, os.name: &#039;Windows 7&#039;, os.arch: &#039;amd64&#039;, os.version: &#039;6.1&#039;, java.version: &#039;1.8.0_144&#039;
Driver info: io.appium.java_client.android.AndroidDriver
Capabilities [{locationServicesEnabled=false, deviceName=9885b64b575a4f534a, platform=LINUX, deviceUDID=9885b64b575a4f534a, password=Jyothi@321, chromedriverExecutable=C:/Users/e001207/Documents/DirectMoney/Project/WisrAutomation//Tool//chromedrivers//windows//chromedriver.exe, desired={bundleId=com.apple.mobilesafari.app, locationServicesEnabled=false, deviceName=Samsung S7, password=Jyothi@321, chromedriverExecutable=C:/Users/e001207/Documents/DirectMoney/Project/WisrAutomation//Tool//chromedrivers//windows//chromedriver.exe, locationServicesAuthorized=true, newCommandTimeout=1000000, platformVersion=7.0, useLocationServices=true, browserName=Chrome, platformName=Android, udid=9885b64b575a4f534a, user=jyothi.sanku@cigniti.com}, locationServicesAuthorized=true, newCommandTimeout=1000000, platformVersion=7.0, webStorageEnabled=false, takesScreenshot=true, browserName=Chrome, javascriptEnabled=true, platformName=Android, udid=9885b64b575a4f534a, deviceManufacturer=samsung, deviceScreenSize=1440x2560, networkConnectionEnabled=true, warnings={}, bundleId=com.apple.mobilesafari.app, databaseEnabled=false, locationContextEnabled=false, useLocationServices=true, deviceModel=SM-G930W8, user=jyothi.sanku@cigniti.com}]
Session ID: 7c18dc70-394a-4116-bbd8-4140dff29f47">
      <![CDATA[org.openqa.selenium.remote.SessionNotFoundException: A session is either terminated or not started (WARNING: The server did not provide any stacktrace information)
Command duration or timeout: 4 milliseconds
Build info: version: 'unknown', revision: 'f233563', time: '2016-07-28 17:43:42 -0700'
System info: host: 'HW2247', ip: '10.250.84.47', os.name: 'Windows 7', os.arch: 'amd64', os.version: '6.1', java.version: '1.8.0_144'
Driver info: io.appium.java_client.android.AndroidDriver
Capabilities [{locationServicesEnabled=false, deviceName=9885b64b575a4f534a, platform=LINUX, deviceUDID=9885b64b575a4f534a, password=Jyothi@321, chromedriverExecutable=C:/Users/e001207/Documents/DirectMoney/Project/WisrAutomation//Tool//chromedrivers//windows//chromedriver.exe, desired={bundleId=com.apple.mobilesafari.app, locationServicesEnabled=false, deviceName=Samsung S7, password=Jyothi@321, chromedriverExecutable=C:/Users/e001207/Documents/DirectMoney/Project/WisrAutomation//Tool//chromedrivers//windows//chromedriver.exe, locationServicesAuthorized=true, newCommandTimeout=1000000, platformVersion=7.0, useLocationServices=true, browserName=Chrome, platformName=Android, udid=9885b64b575a4f534a, user=jyothi.sanku@cigniti.com}, locationServicesAuthorized=true, newCommandTimeout=1000000, platformVersion=7.0, webStorageEnabled=false, takesScreenshot=true, browserName=Chrome, javascriptEnabled=true, platformName=Android, udid=9885b64b575a4f534a, deviceManufacturer=samsung, deviceScreenSize=1440x2560, networkConnectionEnabled=true, warnings={}, bundleId=com.apple.mobilesafari.app, databaseEnabled=false, locationContextEnabled=false, useLocationServices=true, deviceModel=SM-G930W8, user=jyothi.sanku@cigniti.com}]
Session ID: 7c18dc70-394a-4116-bbd8-4140dff29f47
	at sun.reflect.GeneratedConstructorAccessor25.newInstance(Unknown Source)
	at sun.reflect.DelegatingConstructorAccessorImpl.newInstance(Unknown Source)
	at java.lang.reflect.Constructor.newInstance(Unknown Source)
	at org.openqa.selenium.remote.ErrorHandler.createThrowable(ErrorHandler.java:206)
	at org.openqa.selenium.remote.ErrorHandler.throwIfResponseFailed(ErrorHandler.java:158)
	at org.openqa.selenium.remote.RemoteWebDriver.execute(RemoteWebDriver.java:683)
	at io.appium.java_client.DefaultGenericMobileDriver.execute(DefaultGenericMobileDriver.java:43)
	at io.appium.java_client.AppiumDriver.execute(AppiumDriver.java:1)
	at io.appium.java_client.android.AndroidDriver.execute(AndroidDriver.java:1)
	at org.openqa.selenium.remote.RemoteWebDriver.get(RemoteWebDriver.java:331)
	at org.openqa.selenium.remote.RemoteWebDriver$RemoteNavigation.to(RemoteWebDriver.java:974)
	at com.mobile.automation.scripts.QuoteRefer_Android.QuoteRefer_Android(QuoteRefer_Android.java:74)
	at sun.reflect.GeneratedMethodAccessor26.invoke(Unknown Source)
	at sun.reflect.DelegatingMethodAccessorImpl.invoke(Unknown Source)
	at java.lang.reflect.Method.invoke(Unknown Source)
	at org.testng.internal.MethodInvocationHelper.invokeMethod(MethodInvocationHelper.java:108)
	at org.testng.internal.Invoker.invokeMethod(Invoker.java:669)
	at org.testng.internal.Invoker.invokeTestMethod(Invoker.java:877)
	at org.testng.internal.Invoker.invokeTestMethods(Invoker.java:1201)
	at org.testng.internal.TestMethodWorker.invokeTestMethods(TestMethodWorker.java:125)
	at org.testng.internal.TestMethodWorker.run(TestMethodWorker.java:109)
	at org.testng.TestRunner.privateRun(TestRunner.java:776)
	at org.testng.TestRunner.run(TestRunner.java:634)
	at org.testng.SuiteRunner.runTest(SuiteRunner.java:425)
	at org.testng.SuiteRunner.access$000(SuiteRunner.java:40)
	at org.testng.SuiteRunner$SuiteWorker.run(SuiteRunner.java:459)
	at org.testng.internal.thread.ThreadUtil$1.call(ThreadUtil.java:52)
	at java.util.concurrent.FutureTask.run(Unknown Source)
	at java.util.concurrent.ThreadPoolExecutor.runWorker(Unknown Source)
	at java.util.concurrent.ThreadPoolExecutor$Worker.run(Unknown Source)
	at java.lang.Thread.run(Unknown Source)
]]>
    </error>
  </testcase> <!-- QuoteRefer_Android -->
  <testcase name="QuoteRefer_Android" time="0.030" classname="com.mobile.automation.scripts.QuoteRefer_Android">
    <error type="org.openqa.selenium.remote.SessionNotFoundException" message="A session is either terminated or not started (WARNING: The server did not provide any stacktrace information)
Command duration or timeout: 3 milliseconds
Build info: version: &#039;unknown&#039;, revision: &#039;f233563&#039;, time: &#039;2016-07-28 17:43:42 -0700&#039;
System info: host: &#039;HW2247&#039;, ip: &#039;10.250.84.47&#039;, os.name: &#039;Windows 7&#039;, os.arch: &#039;amd64&#039;, os.version: &#039;6.1&#039;, java.version: &#039;1.8.0_144&#039;
Driver info: io.appium.java_client.android.AndroidDriver
Capabilities [{locationServicesEnabled=false, deviceName=9885b64b575a4f534a, platform=LINUX, deviceUDID=9885b64b575a4f534a, password=Jyothi@321, chromedriverExecutable=C:/Users/e001207/Documents/DirectMoney/Project/WisrAutomation//Tool//chromedrivers//windows//chromedriver.exe, desired={bundleId=com.apple.mobilesafari.app, locationServicesEnabled=false, deviceName=Samsung S7, password=Jyothi@321, chromedriverExecutable=C:/Users/e001207/Documents/DirectMoney/Project/WisrAutomation//Tool//chromedrivers//windows//chromedriver.exe, locationServicesAuthorized=true, newCommandTimeout=1000000, platformVersion=7.0, useLocationServices=true, browserName=Chrome, platformName=Android, udid=9885b64b575a4f534a, user=jyothi.sanku@cigniti.com}, locationServicesAuthorized=true, newCommandTimeout=1000000, platformVersion=7.0, webStorageEnabled=false, takesScreenshot=true, browserName=Chrome, javascriptEnabled=true, platformName=Android, udid=9885b64b575a4f534a, deviceManufacturer=samsung, deviceScreenSize=1440x2560, networkConnectionEnabled=true, warnings={}, bundleId=com.apple.mobilesafari.app, databaseEnabled=false, locationContextEnabled=false, useLocationServices=true, deviceModel=SM-G930W8, user=jyothi.sanku@cigniti.com}]
Session ID: 7c18dc70-394a-4116-bbd8-4140dff29f47">
      <![CDATA[org.openqa.selenium.remote.SessionNotFoundException: A session is either terminated or not started (WARNING: The server did not provide any stacktrace information)
Command duration or timeout: 3 milliseconds
Build info: version: 'unknown', revision: 'f233563', time: '2016-07-28 17:43:42 -0700'
System info: host: 'HW2247', ip: '10.250.84.47', os.name: 'Windows 7', os.arch: 'amd64', os.version: '6.1', java.version: '1.8.0_144'
Driver info: io.appium.java_client.android.AndroidDriver
Capabilities [{locationServicesEnabled=false, deviceName=9885b64b575a4f534a, platform=LINUX, deviceUDID=9885b64b575a4f534a, password=Jyothi@321, chromedriverExecutable=C:/Users/e001207/Documents/DirectMoney/Project/WisrAutomation//Tool//chromedrivers//windows//chromedriver.exe, desired={bundleId=com.apple.mobilesafari.app, locationServicesEnabled=false, deviceName=Samsung S7, password=Jyothi@321, chromedriverExecutable=C:/Users/e001207/Documents/DirectMoney/Project/WisrAutomation//Tool//chromedrivers//windows//chromedriver.exe, locationServicesAuthorized=true, newCommandTimeout=1000000, platformVersion=7.0, useLocationServices=true, browserName=Chrome, platformName=Android, udid=9885b64b575a4f534a, user=jyothi.sanku@cigniti.com}, locationServicesAuthorized=true, newCommandTimeout=1000000, platformVersion=7.0, webStorageEnabled=false, takesScreenshot=true, browserName=Chrome, javascriptEnabled=true, platformName=Android, udid=9885b64b575a4f534a, deviceManufacturer=samsung, deviceScreenSize=1440x2560, networkConnectionEnabled=true, warnings={}, bundleId=com.apple.mobilesafari.app, databaseEnabled=false, locationContextEnabled=false, useLocationServices=true, deviceModel=SM-G930W8, user=jyothi.sanku@cigniti.com}]
Session ID: 7c18dc70-394a-4116-bbd8-4140dff29f47
	at sun.reflect.GeneratedConstructorAccessor25.newInstance(Unknown Source)
	at sun.reflect.DelegatingConstructorAccessorImpl.newInstance(Unknown Source)
	at java.lang.reflect.Constructor.newInstance(Unknown Source)
	at org.openqa.selenium.remote.ErrorHandler.createThrowable(ErrorHandler.java:206)
	at org.openqa.selenium.remote.ErrorHandler.throwIfResponseFailed(ErrorHandler.java:158)
	at org.openqa.selenium.remote.RemoteWebDriver.execute(RemoteWebDriver.java:683)
	at io.appium.java_client.DefaultGenericMobileDriver.execute(DefaultGenericMobileDriver.java:43)
	at io.appium.java_client.AppiumDriver.execute(AppiumDriver.java:1)
	at io.appium.java_client.android.AndroidDriver.execute(AndroidDriver.java:1)
	at org.openqa.selenium.remote.RemoteWebDriver.get(RemoteWebDriver.java:331)
	at org.openqa.selenium.remote.RemoteWebDriver$RemoteNavigation.to(RemoteWebDriver.java:974)
	at com.mobile.automation.scripts.QuoteRefer_Android.QuoteRefer_Android(QuoteRefer_Android.java:74)
	at sun.reflect.GeneratedMethodAccessor26.invoke(Unknown Source)
	at sun.reflect.DelegatingMethodAccessorImpl.invoke(Unknown Source)
	at java.lang.reflect.Method.invoke(Unknown Source)
	at org.testng.internal.MethodInvocationHelper.invokeMethod(MethodInvocationHelper.java:108)
	at org.testng.internal.Invoker.invokeMethod(Invoker.java:669)
	at org.testng.internal.Invoker.invokeTestMethod(Invoker.java:877)
	at org.testng.internal.Invoker.invokeTestMethods(Invoker.java:1201)
	at org.testng.internal.TestMethodWorker.invokeTestMethods(TestMethodWorker.java:125)
	at org.testng.internal.TestMethodWorker.run(TestMethodWorker.java:109)
	at org.testng.TestRunner.privateRun(TestRunner.java:776)
	at org.testng.TestRunner.run(TestRunner.java:634)
	at org.testng.SuiteRunner.runTest(SuiteRunner.java:425)
	at org.testng.SuiteRunner.access$000(SuiteRunner.java:40)
	at org.testng.SuiteRunner$SuiteWorker.run(SuiteRunner.java:459)
	at org.testng.internal.thread.ThreadUtil$1.call(ThreadUtil.java:52)
	at java.util.concurrent.FutureTask.run(Unknown Source)
	at java.util.concurrent.ThreadPoolExecutor.runWorker(Unknown Source)
	at java.util.concurrent.ThreadPoolExecutor$Worker.run(Unknown Source)
	at java.lang.Thread.run(Unknown Source)
]]>
    </error>
  </testcase> <!-- QuoteRefer_Android -->
  <testcase name="QuoteRefer_Android" time="0.031" classname="com.mobile.automation.scripts.QuoteRefer_Android">
    <error type="org.openqa.selenium.remote.SessionNotFoundException" message="A session is either terminated or not started (WARNING: The server did not provide any stacktrace information)
Command duration or timeout: 6 milliseconds
Build info: version: &#039;unknown&#039;, revision: &#039;f233563&#039;, time: &#039;2016-07-28 17:43:42 -0700&#039;
System info: host: &#039;HW2247&#039;, ip: &#039;10.250.84.47&#039;, os.name: &#039;Windows 7&#039;, os.arch: &#039;amd64&#039;, os.version: &#039;6.1&#039;, java.version: &#039;1.8.0_144&#039;
Driver info: io.appium.java_client.android.AndroidDriver
Capabilities [{locationServicesEnabled=false, deviceName=9885b64b575a4f534a, platform=LINUX, deviceUDID=9885b64b575a4f534a, password=Jyothi@321, chromedriverExecutable=C:/Users/e001207/Documents/DirectMoney/Project/WisrAutomation//Tool//chromedrivers//windows//chromedriver.exe, desired={bundleId=com.apple.mobilesafari.app, locationServicesEnabled=false, deviceName=Samsung S7, password=Jyothi@321, chromedriverExecutable=C:/Users/e001207/Documents/DirectMoney/Project/WisrAutomation//Tool//chromedrivers//windows//chromedriver.exe, locationServicesAuthorized=true, newCommandTimeout=1000000, platformVersion=7.0, useLocationServices=true, browserName=Chrome, platformName=Android, udid=9885b64b575a4f534a, user=jyothi.sanku@cigniti.com}, locationServicesAuthorized=true, newCommandTimeout=1000000, platformVersion=7.0, webStorageEnabled=false, takesScreenshot=true, browserName=Chrome, javascriptEnabled=true, platformName=Android, udid=9885b64b575a4f534a, deviceManufacturer=samsung, deviceScreenSize=1440x2560, networkConnectionEnabled=true, warnings={}, bundleId=com.apple.mobilesafari.app, databaseEnabled=false, locationContextEnabled=false, useLocationServices=true, deviceModel=SM-G930W8, user=jyothi.sanku@cigniti.com}]
Session ID: 7c18dc70-394a-4116-bbd8-4140dff29f47">
      <![CDATA[org.openqa.selenium.remote.SessionNotFoundException: A session is either terminated or not started (WARNING: The server did not provide any stacktrace information)
Command duration or timeout: 6 milliseconds
Build info: version: 'unknown', revision: 'f233563', time: '2016-07-28 17:43:42 -0700'
System info: host: 'HW2247', ip: '10.250.84.47', os.name: 'Windows 7', os.arch: 'amd64', os.version: '6.1', java.version: '1.8.0_144'
Driver info: io.appium.java_client.android.AndroidDriver
Capabilities [{locationServicesEnabled=false, deviceName=9885b64b575a4f534a, platform=LINUX, deviceUDID=9885b64b575a4f534a, password=Jyothi@321, chromedriverExecutable=C:/Users/e001207/Documents/DirectMoney/Project/WisrAutomation//Tool//chromedrivers//windows//chromedriver.exe, desired={bundleId=com.apple.mobilesafari.app, locationServicesEnabled=false, deviceName=Samsung S7, password=Jyothi@321, chromedriverExecutable=C:/Users/e001207/Documents/DirectMoney/Project/WisrAutomation//Tool//chromedrivers//windows//chromedriver.exe, locationServicesAuthorized=true, newCommandTimeout=1000000, platformVersion=7.0, useLocationServices=true, browserName=Chrome, platformName=Android, udid=9885b64b575a4f534a, user=jyothi.sanku@cigniti.com}, locationServicesAuthorized=true, newCommandTimeout=1000000, platformVersion=7.0, webStorageEnabled=false, takesScreenshot=true, browserName=Chrome, javascriptEnabled=true, platformName=Android, udid=9885b64b575a4f534a, deviceManufacturer=samsung, deviceScreenSize=1440x2560, networkConnectionEnabled=true, warnings={}, bundleId=com.apple.mobilesafari.app, databaseEnabled=false, locationContextEnabled=false, useLocationServices=true, deviceModel=SM-G930W8, user=jyothi.sanku@cigniti.com}]
Session ID: 7c18dc70-394a-4116-bbd8-4140dff29f47
	at sun.reflect.NativeConstructorAccessorImpl.newInstance0(Native Method)
	at sun.reflect.NativeConstructorAccessorImpl.newInstance(Unknown Source)
	at sun.reflect.DelegatingConstructorAccessorImpl.newInstance(Unknown Source)
	at java.lang.reflect.Constructor.newInstance(Unknown Source)
	at org.openqa.selenium.remote.ErrorHandler.createThrowable(ErrorHandler.java:206)
	at org.openqa.selenium.remote.ErrorHandler.throwIfResponseFailed(ErrorHandler.java:158)
	at org.openqa.selenium.remote.RemoteWebDriver.execute(RemoteWebDriver.java:683)
	at io.appium.java_client.DefaultGenericMobileDriver.execute(DefaultGenericMobileDriver.java:43)
	at io.appium.java_client.AppiumDriver.execute(AppiumDriver.java:1)
	at io.appium.java_client.android.AndroidDriver.execute(AndroidDriver.java:1)
	at org.openqa.selenium.remote.RemoteWebDriver.get(RemoteWebDriver.java:331)
	at org.openqa.selenium.remote.RemoteWebDriver$RemoteNavigation.to(RemoteWebDriver.java:974)
	at com.mobile.automation.scripts.QuoteRefer_Android.QuoteRefer_Android(QuoteRefer_Android.java:74)
	at sun.reflect.GeneratedMethodAccessor26.invoke(Unknown Source)
	at sun.reflect.DelegatingMethodAccessorImpl.invoke(Unknown Source)
	at java.lang.reflect.Method.invoke(Unknown Source)
	at org.testng.internal.MethodInvocationHelper.invokeMethod(MethodInvocationHelper.java:108)
	at org.testng.internal.Invoker.invokeMethod(Invoker.java:669)
	at org.testng.internal.Invoker.invokeTestMethod(Invoker.java:877)
	at org.testng.internal.Invoker.invokeTestMethods(Invoker.java:1201)
	at org.testng.internal.TestMethodWorker.invokeTestMethods(TestMethodWorker.java:125)
	at org.testng.internal.TestMethodWorker.run(TestMethodWorker.java:109)
	at org.testng.TestRunner.privateRun(TestRunner.java:776)
	at org.testng.TestRunner.run(TestRunner.java:634)
	at org.testng.SuiteRunner.runTest(SuiteRunner.java:425)
	at org.testng.SuiteRunner.access$000(SuiteRunner.java:40)
	at org.testng.SuiteRunner$SuiteWorker.run(SuiteRunner.java:459)
	at org.testng.internal.thread.ThreadUtil$1.call(ThreadUtil.java:52)
	at java.util.concurrent.FutureTask.run(Unknown Source)
	at java.util.concurrent.ThreadPoolExecutor.runWorker(Unknown Source)
	at java.util.concurrent.ThreadPoolExecutor$Worker.run(Unknown Source)
	at java.lang.Thread.run(Unknown Source)
]]>
    </error>
  </testcase> <!-- QuoteRefer_Android -->
  <testcase name="QuoteRefer_Android" time="0.303" classname="com.mobile.automation.scripts.QuoteRefer_Android">
    <error type="org.openqa.selenium.remote.SessionNotFoundException" message="A session is either terminated or not started (WARNING: The server did not provide any stacktrace information)
Command duration or timeout: 11 milliseconds
Build info: version: &#039;unknown&#039;, revision: &#039;f233563&#039;, time: &#039;2016-07-28 17:43:42 -0700&#039;
System info: host: &#039;HW2247&#039;, ip: &#039;10.250.84.47&#039;, os.name: &#039;Windows 7&#039;, os.arch: &#039;amd64&#039;, os.version: &#039;6.1&#039;, java.version: &#039;1.8.0_144&#039;
Driver info: io.appium.java_client.android.AndroidDriver
Capabilities [{locationServicesEnabled=false, deviceName=9885b64b575a4f534a, platform=LINUX, deviceUDID=9885b64b575a4f534a, password=Jyothi@321, chromedriverExecutable=C:/Users/e001207/Documents/DirectMoney/Project/WisrAutomation//Tool//chromedrivers//windows//chromedriver.exe, desired={bundleId=com.apple.mobilesafari.app, locationServicesEnabled=false, deviceName=Samsung S7, password=Jyothi@321, chromedriverExecutable=C:/Users/e001207/Documents/DirectMoney/Project/WisrAutomation//Tool//chromedrivers//windows//chromedriver.exe, locationServicesAuthorized=true, newCommandTimeout=1000000, platformVersion=7.0, useLocationServices=true, browserName=Chrome, platformName=Android, udid=9885b64b575a4f534a, user=jyothi.sanku@cigniti.com}, locationServicesAuthorized=true, newCommandTimeout=1000000, platformVersion=7.0, webStorageEnabled=false, takesScreenshot=true, browserName=Chrome, javascriptEnabled=true, platformName=Android, udid=9885b64b575a4f534a, deviceManufacturer=samsung, deviceScreenSize=1440x2560, networkConnectionEnabled=true, warnings={}, bundleId=com.apple.mobilesafari.app, databaseEnabled=false, locationContextEnabled=false, useLocationServices=true, deviceModel=SM-G930W8, user=jyothi.sanku@cigniti.com}]
Session ID: 7c18dc70-394a-4116-bbd8-4140dff29f47">
      <![CDATA[org.openqa.selenium.remote.SessionNotFoundException: A session is either terminated or not started (WARNING: The server did not provide any stacktrace information)
Command duration or timeout: 11 milliseconds
Build info: version: 'unknown', revision: 'f233563', time: '2016-07-28 17:43:42 -0700'
System info: host: 'HW2247', ip: '10.250.84.47', os.name: 'Windows 7', os.arch: 'amd64', os.version: '6.1', java.version: '1.8.0_144'
Driver info: io.appium.java_client.android.AndroidDriver
Capabilities [{locationServicesEnabled=false, deviceName=9885b64b575a4f534a, platform=LINUX, deviceUDID=9885b64b575a4f534a, password=Jyothi@321, chromedriverExecutable=C:/Users/e001207/Documents/DirectMoney/Project/WisrAutomation//Tool//chromedrivers//windows//chromedriver.exe, desired={bundleId=com.apple.mobilesafari.app, locationServicesEnabled=false, deviceName=Samsung S7, password=Jyothi@321, chromedriverExecutable=C:/Users/e001207/Documents/DirectMoney/Project/WisrAutomation//Tool//chromedrivers//windows//chromedriver.exe, locationServicesAuthorized=true, newCommandTimeout=1000000, platformVersion=7.0, useLocationServices=true, browserName=Chrome, platformName=Android, udid=9885b64b575a4f534a, user=jyothi.sanku@cigniti.com}, locationServicesAuthorized=true, newCommandTimeout=1000000, platformVersion=7.0, webStorageEnabled=false, takesScreenshot=true, browserName=Chrome, javascriptEnabled=true, platformName=Android, udid=9885b64b575a4f534a, deviceManufacturer=samsung, deviceScreenSize=1440x2560, networkConnectionEnabled=true, warnings={}, bundleId=com.apple.mobilesafari.app, databaseEnabled=false, locationContextEnabled=false, useLocationServices=true, deviceModel=SM-G930W8, user=jyothi.sanku@cigniti.com}]
Session ID: 7c18dc70-394a-4116-bbd8-4140dff29f47
	at sun.reflect.GeneratedConstructorAccessor25.newInstance(Unknown Source)
	at sun.reflect.DelegatingConstructorAccessorImpl.newInstance(Unknown Source)
	at java.lang.reflect.Constructor.newInstance(Unknown Source)
	at org.openqa.selenium.remote.ErrorHandler.createThrowable(ErrorHandler.java:206)
	at org.openqa.selenium.remote.ErrorHandler.throwIfResponseFailed(ErrorHandler.java:158)
	at org.openqa.selenium.remote.RemoteWebDriver.execute(RemoteWebDriver.java:683)
	at io.appium.java_client.DefaultGenericMobileDriver.execute(DefaultGenericMobileDriver.java:43)
	at io.appium.java_client.AppiumDriver.execute(AppiumDriver.java:1)
	at io.appium.java_client.android.AndroidDriver.execute(AndroidDriver.java:1)
	at org.openqa.selenium.remote.RemoteWebDriver.get(RemoteWebDriver.java:331)
	at org.openqa.selenium.remote.RemoteWebDriver$RemoteNavigation.to(RemoteWebDriver.java:974)
	at com.mobile.automation.scripts.QuoteRefer_Android.QuoteRefer_Android(QuoteRefer_Android.java:74)
	at sun.reflect.GeneratedMethodAccessor26.invoke(Unknown Source)
	at sun.reflect.DelegatingMethodAccessorImpl.invoke(Unknown Source)
	at java.lang.reflect.Method.invoke(Unknown Source)
	at org.testng.internal.MethodInvocationHelper.invokeMethod(MethodInvocationHelper.java:108)
	at org.testng.internal.Invoker.invokeMethod(Invoker.java:669)
	at org.testng.internal.Invoker.invokeTestMethod(Invoker.java:877)
	at org.testng.internal.Invoker.invokeTestMethods(Invoker.java:1201)
	at org.testng.internal.TestMethodWorker.invokeTestMethods(TestMethodWorker.java:125)
	at org.testng.internal.TestMethodWorker.run(TestMethodWorker.java:109)
	at org.testng.TestRunner.privateRun(TestRunner.java:776)
	at org.testng.TestRunner.run(TestRunner.java:634)
	at org.testng.SuiteRunner.runTest(SuiteRunner.java:425)
	at org.testng.SuiteRunner.access$000(SuiteRunner.java:40)
	at org.testng.SuiteRunner$SuiteWorker.run(SuiteRunner.java:459)
	at org.testng.internal.thread.ThreadUtil$1.call(ThreadUtil.java:52)
	at java.util.concurrent.FutureTask.run(Unknown Source)
	at java.util.concurrent.ThreadPoolExecutor.runWorker(Unknown Source)
	at java.util.concurrent.ThreadPoolExecutor$Worker.run(Unknown Source)
	at java.lang.Thread.run(Unknown Source)
]]>
    </error>
  </testcase> <!-- QuoteRefer_Android -->
  <testcase name="QuoteRefer_Android" time="0.023" classname="com.mobile.automation.scripts.QuoteRefer_Android">
    <error type="org.openqa.selenium.remote.SessionNotFoundException" message="A session is either terminated or not started (WARNING: The server did not provide any stacktrace information)
Command duration or timeout: 3 milliseconds
Build info: version: &#039;unknown&#039;, revision: &#039;f233563&#039;, time: &#039;2016-07-28 17:43:42 -0700&#039;
System info: host: &#039;HW2247&#039;, ip: &#039;10.250.84.47&#039;, os.name: &#039;Windows 7&#039;, os.arch: &#039;amd64&#039;, os.version: &#039;6.1&#039;, java.version: &#039;1.8.0_144&#039;
Driver info: io.appium.java_client.android.AndroidDriver
Capabilities [{locationServicesEnabled=false, deviceName=9885b64b575a4f534a, platform=LINUX, deviceUDID=9885b64b575a4f534a, password=Jyothi@321, chromedriverExecutable=C:/Users/e001207/Documents/DirectMoney/Project/WisrAutomation//Tool//chromedrivers//windows//chromedriver.exe, desired={bundleId=com.apple.mobilesafari.app, locationServicesEnabled=false, deviceName=Samsung S7, password=Jyothi@321, chromedriverExecutable=C:/Users/e001207/Documents/DirectMoney/Project/WisrAutomation//Tool//chromedrivers//windows//chromedriver.exe, locationServicesAuthorized=true, newCommandTimeout=1000000, platformVersion=7.0, useLocationServices=true, browserName=Chrome, platformName=Android, udid=9885b64b575a4f534a, user=jyothi.sanku@cigniti.com}, locationServicesAuthorized=true, newCommandTimeout=1000000, platformVersion=7.0, webStorageEnabled=false, takesScreenshot=true, browserName=Chrome, javascriptEnabled=true, platformName=Android, udid=9885b64b575a4f534a, deviceManufacturer=samsung, deviceScreenSize=1440x2560, networkConnectionEnabled=true, warnings={}, bundleId=com.apple.mobilesafari.app, databaseEnabled=false, locationContextEnabled=false, useLocationServices=true, deviceModel=SM-G930W8, user=jyothi.sanku@cigniti.com}]
Session ID: 7c18dc70-394a-4116-bbd8-4140dff29f47">
      <![CDATA[org.openqa.selenium.remote.SessionNotFoundException: A session is either terminated or not started (WARNING: The server did not provide any stacktrace information)
Command duration or timeout: 3 milliseconds
Build info: version: 'unknown', revision: 'f233563', time: '2016-07-28 17:43:42 -0700'
System info: host: 'HW2247', ip: '10.250.84.47', os.name: 'Windows 7', os.arch: 'amd64', os.version: '6.1', java.version: '1.8.0_144'
Driver info: io.appium.java_client.android.AndroidDriver
Capabilities [{locationServicesEnabled=false, deviceName=9885b64b575a4f534a, platform=LINUX, deviceUDID=9885b64b575a4f534a, password=Jyothi@321, chromedriverExecutable=C:/Users/e001207/Documents/DirectMoney/Project/WisrAutomation//Tool//chromedrivers//windows//chromedriver.exe, desired={bundleId=com.apple.mobilesafari.app, locationServicesEnabled=false, deviceName=Samsung S7, password=Jyothi@321, chromedriverExecutable=C:/Users/e001207/Documents/DirectMoney/Project/WisrAutomation//Tool//chromedrivers//windows//chromedriver.exe, locationServicesAuthorized=true, newCommandTimeout=1000000, platformVersion=7.0, useLocationServices=true, browserName=Chrome, platformName=Android, udid=9885b64b575a4f534a, user=jyothi.sanku@cigniti.com}, locationServicesAuthorized=true, newCommandTimeout=1000000, platformVersion=7.0, webStorageEnabled=false, takesScreenshot=true, browserName=Chrome, javascriptEnabled=true, platformName=Android, udid=9885b64b575a4f534a, deviceManufacturer=samsung, deviceScreenSize=1440x2560, networkConnectionEnabled=true, warnings={}, bundleId=com.apple.mobilesafari.app, databaseEnabled=false, locationContextEnabled=false, useLocationServices=true, deviceModel=SM-G930W8, user=jyothi.sanku@cigniti.com}]
Session ID: 7c18dc70-394a-4116-bbd8-4140dff29f47
	at sun.reflect.GeneratedConstructorAccessor25.newInstance(Unknown Source)
	at sun.reflect.DelegatingConstructorAccessorImpl.newInstance(Unknown Source)
	at java.lang.reflect.Constructor.newInstance(Unknown Source)
	at org.openqa.selenium.remote.ErrorHandler.createThrowable(ErrorHandler.java:206)
	at org.openqa.selenium.remote.ErrorHandler.throwIfResponseFailed(ErrorHandler.java:158)
	at org.openqa.selenium.remote.RemoteWebDriver.execute(RemoteWebDriver.java:683)
	at io.appium.java_client.DefaultGenericMobileDriver.execute(DefaultGenericMobileDriver.java:43)
	at io.appium.java_client.AppiumDriver.execute(AppiumDriver.java:1)
	at io.appium.java_client.android.AndroidDriver.execute(AndroidDriver.java:1)
	at org.openqa.selenium.remote.RemoteWebDriver.get(RemoteWebDriver.java:331)
	at org.openqa.selenium.remote.RemoteWebDriver$RemoteNavigation.to(RemoteWebDriver.java:974)
	at com.mobile.automation.scripts.QuoteRefer_Android.QuoteRefer_Android(QuoteRefer_Android.java:74)
	at sun.reflect.GeneratedMethodAccessor26.invoke(Unknown Source)
	at sun.reflect.DelegatingMethodAccessorImpl.invoke(Unknown Source)
	at java.lang.reflect.Method.invoke(Unknown Source)
	at org.testng.internal.MethodInvocationHelper.invokeMethod(MethodInvocationHelper.java:108)
	at org.testng.internal.Invoker.invokeMethod(Invoker.java:669)
	at org.testng.internal.Invoker.invokeTestMethod(Invoker.java:877)
	at org.testng.internal.Invoker.invokeTestMethods(Invoker.java:1201)
	at org.testng.internal.TestMethodWorker.invokeTestMethods(TestMethodWorker.java:125)
	at org.testng.internal.TestMethodWorker.run(TestMethodWorker.java:109)
	at org.testng.TestRunner.privateRun(TestRunner.java:776)
	at org.testng.TestRunner.run(TestRunner.java:634)
	at org.testng.SuiteRunner.runTest(SuiteRunner.java:425)
	at org.testng.SuiteRunner.access$000(SuiteRunner.java:40)
	at org.testng.SuiteRunner$SuiteWorker.run(SuiteRunner.java:459)
	at org.testng.internal.thread.ThreadUtil$1.call(ThreadUtil.java:52)
	at java.util.concurrent.FutureTask.run(Unknown Source)
	at java.util.concurrent.ThreadPoolExecutor.runWorker(Unknown Source)
	at java.util.concurrent.ThreadPoolExecutor$Worker.run(Unknown Source)
	at java.lang.Thread.run(Unknown Source)
]]>
    </error>
  </testcase> <!-- QuoteRefer_Android -->
  <testcase name="QuoteRefer_Android" time="95.856" classname="com.mobile.automation.scripts.QuoteRefer_Android"/>
  <testcase name="QuoteRefer_Android" time="0.161" classname="com.mobile.automation.scripts.QuoteRefer_Android">
    <error type="org.openqa.selenium.remote.SessionNotFoundException" message="A session is either terminated or not started (WARNING: The server did not provide any stacktrace information)
Command duration or timeout: 3 milliseconds
Build info: version: &#039;unknown&#039;, revision: &#039;f233563&#039;, time: &#039;2016-07-28 17:43:42 -0700&#039;
System info: host: &#039;HW2247&#039;, ip: &#039;10.250.84.47&#039;, os.name: &#039;Windows 7&#039;, os.arch: &#039;amd64&#039;, os.version: &#039;6.1&#039;, java.version: &#039;1.8.0_144&#039;
Driver info: io.appium.java_client.android.AndroidDriver
Capabilities [{locationServicesEnabled=false, deviceName=9885b64b575a4f534a, platform=LINUX, deviceUDID=9885b64b575a4f534a, password=Jyothi@321, chromedriverExecutable=C:/Users/e001207/Documents/DirectMoney/Project/WisrAutomation//Tool//chromedrivers//windows//chromedriver.exe, desired={bundleId=com.apple.mobilesafari.app, locationServicesEnabled=false, deviceName=Samsung S7, password=Jyothi@321, chromedriverExecutable=C:/Users/e001207/Documents/DirectMoney/Project/WisrAutomation//Tool//chromedrivers//windows//chromedriver.exe, locationServicesAuthorized=true, newCommandTimeout=1000000, platformVersion=7.0, useLocationServices=true, browserName=Chrome, platformName=Android, udid=9885b64b575a4f534a, user=jyothi.sanku@cigniti.com}, locationServicesAuthorized=true, newCommandTimeout=1000000, platformVersion=7.0, webStorageEnabled=false, takesScreenshot=true, browserName=Chrome, javascriptEnabled=true, platformName=Android, udid=9885b64b575a4f534a, deviceManufacturer=samsung, deviceScreenSize=1440x2560, networkConnectionEnabled=true, warnings={}, bundleId=com.apple.mobilesafari.app, databaseEnabled=false, locationContextEnabled=false, useLocationServices=true, deviceModel=SM-G930W8, user=jyothi.sanku@cigniti.com}]
Session ID: 7c18dc70-394a-4116-bbd8-4140dff29f47">
      <![CDATA[org.openqa.selenium.remote.SessionNotFoundException: A session is either terminated or not started (WARNING: The server did not provide any stacktrace information)
Command duration or timeout: 3 milliseconds
Build info: version: 'unknown', revision: 'f233563', time: '2016-07-28 17:43:42 -0700'
System info: host: 'HW2247', ip: '10.250.84.47', os.name: 'Windows 7', os.arch: 'amd64', os.version: '6.1', java.version: '1.8.0_144'
Driver info: io.appium.java_client.android.AndroidDriver
Capabilities [{locationServicesEnabled=false, deviceName=9885b64b575a4f534a, platform=LINUX, deviceUDID=9885b64b575a4f534a, password=Jyothi@321, chromedriverExecutable=C:/Users/e001207/Documents/DirectMoney/Project/WisrAutomation//Tool//chromedrivers//windows//chromedriver.exe, desired={bundleId=com.apple.mobilesafari.app, locationServicesEnabled=false, deviceName=Samsung S7, password=Jyothi@321, chromedriverExecutable=C:/Users/e001207/Documents/DirectMoney/Project/WisrAutomation//Tool//chromedrivers//windows//chromedriver.exe, locationServicesAuthorized=true, newCommandTimeout=1000000, platformVersion=7.0, useLocationServices=true, browserName=Chrome, platformName=Android, udid=9885b64b575a4f534a, user=jyothi.sanku@cigniti.com}, locationServicesAuthorized=true, newCommandTimeout=1000000, platformVersion=7.0, webStorageEnabled=false, takesScreenshot=true, browserName=Chrome, javascriptEnabled=true, platformName=Android, udid=9885b64b575a4f534a, deviceManufacturer=samsung, deviceScreenSize=1440x2560, networkConnectionEnabled=true, warnings={}, bundleId=com.apple.mobilesafari.app, databaseEnabled=false, locationContextEnabled=false, useLocationServices=true, deviceModel=SM-G930W8, user=jyothi.sanku@cigniti.com}]
Session ID: 7c18dc70-394a-4116-bbd8-4140dff29f47
	at sun.reflect.NativeConstructorAccessorImpl.newInstance0(Native Method)
	at sun.reflect.NativeConstructorAccessorImpl.newInstance(Unknown Source)
	at sun.reflect.DelegatingConstructorAccessorImpl.newInstance(Unknown Source)
	at java.lang.reflect.Constructor.newInstance(Unknown Source)
	at org.openqa.selenium.remote.ErrorHandler.createThrowable(ErrorHandler.java:206)
	at org.openqa.selenium.remote.ErrorHandler.throwIfResponseFailed(ErrorHandler.java:158)
	at org.openqa.selenium.remote.RemoteWebDriver.execute(RemoteWebDriver.java:683)
	at io.appium.java_client.DefaultGenericMobileDriver.execute(DefaultGenericMobileDriver.java:43)
	at io.appium.java_client.AppiumDriver.execute(AppiumDriver.java:1)
	at io.appium.java_client.android.AndroidDriver.execute(AndroidDriver.java:1)
	at org.openqa.selenium.remote.RemoteWebDriver.get(RemoteWebDriver.java:331)
	at org.openqa.selenium.remote.RemoteWebDriver$RemoteNavigation.to(RemoteWebDriver.java:974)
	at com.mobile.automation.scripts.QuoteRefer_Android.QuoteRefer_Android(QuoteRefer_Android.java:74)
	at sun.reflect.GeneratedMethodAccessor26.invoke(Unknown Source)
	at sun.reflect.DelegatingMethodAccessorImpl.invoke(Unknown Source)
	at java.lang.reflect.Method.invoke(Unknown Source)
	at org.testng.internal.MethodInvocationHelper.invokeMethod(MethodInvocationHelper.java:108)
	at org.testng.internal.Invoker.invokeMethod(Invoker.java:669)
	at org.testng.internal.Invoker.invokeTestMethod(Invoker.java:877)
	at org.testng.internal.Invoker.invokeTestMethods(Invoker.java:1201)
	at org.testng.internal.TestMethodWorker.invokeTestMethods(TestMethodWorker.java:125)
	at org.testng.internal.TestMethodWorker.run(TestMethodWorker.java:109)
	at org.testng.TestRunner.privateRun(TestRunner.java:776)
	at org.testng.TestRunner.run(TestRunner.java:634)
	at org.testng.SuiteRunner.runTest(SuiteRunner.java:425)
	at org.testng.SuiteRunner.access$000(SuiteRunner.java:40)
	at org.testng.SuiteRunner$SuiteWorker.run(SuiteRunner.java:459)
	at org.testng.internal.thread.ThreadUtil$1.call(ThreadUtil.java:52)
	at java.util.concurrent.FutureTask.run(Unknown Source)
	at java.util.concurrent.ThreadPoolExecutor.runWorker(Unknown Source)
	at java.util.concurrent.ThreadPoolExecutor$Worker.run(Unknown Source)
	at java.lang.Thread.run(Unknown Source)
]]>
    </error>
  </testcase> <!-- QuoteRefer_Android -->
  <testcase name="QuoteRefer_Android" time="0.023" classname="com.mobile.automation.scripts.QuoteRefer_Android">
    <error type="org.openqa.selenium.remote.SessionNotFoundException" message="A session is either terminated or not started (WARNING: The server did not provide any stacktrace information)
Command duration or timeout: 3 milliseconds
Build info: version: &#039;unknown&#039;, revision: &#039;f233563&#039;, time: &#039;2016-07-28 17:43:42 -0700&#039;
System info: host: &#039;HW2247&#039;, ip: &#039;10.250.84.47&#039;, os.name: &#039;Windows 7&#039;, os.arch: &#039;amd64&#039;, os.version: &#039;6.1&#039;, java.version: &#039;1.8.0_144&#039;
Driver info: io.appium.java_client.android.AndroidDriver
Capabilities [{locationServicesEnabled=false, deviceName=9885b64b575a4f534a, platform=LINUX, deviceUDID=9885b64b575a4f534a, password=Jyothi@321, chromedriverExecutable=C:/Users/e001207/Documents/DirectMoney/Project/WisrAutomation//Tool//chromedrivers//windows//chromedriver.exe, desired={bundleId=com.apple.mobilesafari.app, locationServicesEnabled=false, deviceName=Samsung S7, password=Jyothi@321, chromedriverExecutable=C:/Users/e001207/Documents/DirectMoney/Project/WisrAutomation//Tool//chromedrivers//windows//chromedriver.exe, locationServicesAuthorized=true, newCommandTimeout=1000000, platformVersion=7.0, useLocationServices=true, browserName=Chrome, platformName=Android, udid=9885b64b575a4f534a, user=jyothi.sanku@cigniti.com}, locationServicesAuthorized=true, newCommandTimeout=1000000, platformVersion=7.0, webStorageEnabled=false, takesScreenshot=true, browserName=Chrome, javascriptEnabled=true, platformName=Android, udid=9885b64b575a4f534a, deviceManufacturer=samsung, deviceScreenSize=1440x2560, networkConnectionEnabled=true, warnings={}, bundleId=com.apple.mobilesafari.app, databaseEnabled=false, locationContextEnabled=false, useLocationServices=true, deviceModel=SM-G930W8, user=jyothi.sanku@cigniti.com}]
Session ID: 7c18dc70-394a-4116-bbd8-4140dff29f47">
      <![CDATA[org.openqa.selenium.remote.SessionNotFoundException: A session is either terminated or not started (WARNING: The server did not provide any stacktrace information)
Command duration or timeout: 3 milliseconds
Build info: version: 'unknown', revision: 'f233563', time: '2016-07-28 17:43:42 -0700'
System info: host: 'HW2247', ip: '10.250.84.47', os.name: 'Windows 7', os.arch: 'amd64', os.version: '6.1', java.version: '1.8.0_144'
Driver info: io.appium.java_client.android.AndroidDriver
Capabilities [{locationServicesEnabled=false, deviceName=9885b64b575a4f534a, platform=LINUX, deviceUDID=9885b64b575a4f534a, password=Jyothi@321, chromedriverExecutable=C:/Users/e001207/Documents/DirectMoney/Project/WisrAutomation//Tool//chromedrivers//windows//chromedriver.exe, desired={bundleId=com.apple.mobilesafari.app, locationServicesEnabled=false, deviceName=Samsung S7, password=Jyothi@321, chromedriverExecutable=C:/Users/e001207/Documents/DirectMoney/Project/WisrAutomation//Tool//chromedrivers//windows//chromedriver.exe, locationServicesAuthorized=true, newCommandTimeout=1000000, platformVersion=7.0, useLocationServices=true, browserName=Chrome, platformName=Android, udid=9885b64b575a4f534a, user=jyothi.sanku@cigniti.com}, locationServicesAuthorized=true, newCommandTimeout=1000000, platformVersion=7.0, webStorageEnabled=false, takesScreenshot=true, browserName=Chrome, javascriptEnabled=true, platformName=Android, udid=9885b64b575a4f534a, deviceManufacturer=samsung, deviceScreenSize=1440x2560, networkConnectionEnabled=true, warnings={}, bundleId=com.apple.mobilesafari.app, databaseEnabled=false, locationContextEnabled=false, useLocationServices=true, deviceModel=SM-G930W8, user=jyothi.sanku@cigniti.com}]
Session ID: 7c18dc70-394a-4116-bbd8-4140dff29f47
	at sun.reflect.NativeConstructorAccessorImpl.newInstance0(Native Method)
	at sun.reflect.NativeConstructorAccessorImpl.newInstance(Unknown Source)
	at sun.reflect.DelegatingConstructorAccessorImpl.newInstance(Unknown Source)
	at java.lang.reflect.Constructor.newInstance(Unknown Source)
	at org.openqa.selenium.remote.ErrorHandler.createThrowable(ErrorHandler.java:206)
	at org.openqa.selenium.remote.ErrorHandler.throwIfResponseFailed(ErrorHandler.java:158)
	at org.openqa.selenium.remote.RemoteWebDriver.execute(RemoteWebDriver.java:683)
	at io.appium.java_client.DefaultGenericMobileDriver.execute(DefaultGenericMobileDriver.java:43)
	at io.appium.java_client.AppiumDriver.execute(AppiumDriver.java:1)
	at io.appium.java_client.android.AndroidDriver.execute(AndroidDriver.java:1)
	at org.openqa.selenium.remote.RemoteWebDriver.get(RemoteWebDriver.java:331)
	at org.openqa.selenium.remote.RemoteWebDriver$RemoteNavigation.to(RemoteWebDriver.java:974)
	at com.mobile.automation.scripts.QuoteRefer_Android.QuoteRefer_Android(QuoteRefer_Android.java:74)
	at sun.reflect.NativeMethodAccessorImpl.invoke0(Native Method)
	at sun.reflect.NativeMethodAccessorImpl.invoke(Unknown Source)
	at sun.reflect.DelegatingMethodAccessorImpl.invoke(Unknown Source)
	at java.lang.reflect.Method.invoke(Unknown Source)
	at org.testng.internal.MethodInvocationHelper.invokeMethod(MethodInvocationHelper.java:108)
	at org.testng.internal.Invoker.invokeMethod(Invoker.java:669)
	at org.testng.internal.Invoker.invokeTestMethod(Invoker.java:877)
	at org.testng.internal.Invoker.invokeTestMethods(Invoker.java:1201)
	at org.testng.internal.TestMethodWorker.invokeTestMethods(TestMethodWorker.java:125)
	at org.testng.internal.TestMethodWorker.run(TestMethodWorker.java:109)
	at org.testng.TestRunner.privateRun(TestRunner.java:776)
	at org.testng.TestRunner.run(TestRunner.java:634)
	at org.testng.SuiteRunner.runTest(SuiteRunner.java:425)
	at org.testng.SuiteRunner.access$000(SuiteRunner.java:40)
	at org.testng.SuiteRunner$SuiteWorker.run(SuiteRunner.java:459)
	at org.testng.internal.thread.ThreadUtil$1.call(ThreadUtil.java:52)
	at java.util.concurrent.FutureTask.run(Unknown Source)
	at java.util.concurrent.ThreadPoolExecutor.runWorker(Unknown Source)
	at java.util.concurrent.ThreadPoolExecutor$Worker.run(Unknown Source)
	at java.lang.Thread.run(Unknown Source)
]]>
    </error>
  </testcase> <!-- QuoteRefer_Android -->
  <testcase name="QuoteRefer_Android" time="0.056" classname="com.mobile.automation.scripts.QuoteRefer_Android">
    <error type="org.openqa.selenium.remote.SessionNotFoundException" message="A session is either terminated or not started (WARNING: The server did not provide any stacktrace information)
Command duration or timeout: 9 milliseconds
Build info: version: &#039;unknown&#039;, revision: &#039;f233563&#039;, time: &#039;2016-07-28 17:43:42 -0700&#039;
System info: host: &#039;HW2247&#039;, ip: &#039;10.250.84.47&#039;, os.name: &#039;Windows 7&#039;, os.arch: &#039;amd64&#039;, os.version: &#039;6.1&#039;, java.version: &#039;1.8.0_144&#039;
Driver info: io.appium.java_client.android.AndroidDriver
Capabilities [{locationServicesEnabled=false, deviceName=9885b64b575a4f534a, platform=LINUX, deviceUDID=9885b64b575a4f534a, password=Jyothi@321, chromedriverExecutable=C:/Users/e001207/Documents/DirectMoney/Project/WisrAutomation//Tool//chromedrivers//windows//chromedriver.exe, desired={bundleId=com.apple.mobilesafari.app, locationServicesEnabled=false, deviceName=Samsung S7, password=Jyothi@321, chromedriverExecutable=C:/Users/e001207/Documents/DirectMoney/Project/WisrAutomation//Tool//chromedrivers//windows//chromedriver.exe, locationServicesAuthorized=true, newCommandTimeout=1000000, platformVersion=7.0, useLocationServices=true, browserName=Chrome, platformName=Android, udid=9885b64b575a4f534a, user=jyothi.sanku@cigniti.com}, locationServicesAuthorized=true, newCommandTimeout=1000000, platformVersion=7.0, webStorageEnabled=false, takesScreenshot=true, browserName=Chrome, javascriptEnabled=true, platformName=Android, udid=9885b64b575a4f534a, deviceManufacturer=samsung, deviceScreenSize=1440x2560, networkConnectionEnabled=true, warnings={}, bundleId=com.apple.mobilesafari.app, databaseEnabled=false, locationContextEnabled=false, useLocationServices=true, deviceModel=SM-G930W8, user=jyothi.sanku@cigniti.com}]
Session ID: 7c18dc70-394a-4116-bbd8-4140dff29f47">
      <![CDATA[org.openqa.selenium.remote.SessionNotFoundException: A session is either terminated or not started (WARNING: The server did not provide any stacktrace information)
Command duration or timeout: 9 milliseconds
Build info: version: 'unknown', revision: 'f233563', time: '2016-07-28 17:43:42 -0700'
System info: host: 'HW2247', ip: '10.250.84.47', os.name: 'Windows 7', os.arch: 'amd64', os.version: '6.1', java.version: '1.8.0_144'
Driver info: io.appium.java_client.android.AndroidDriver
Capabilities [{locationServicesEnabled=false, deviceName=9885b64b575a4f534a, platform=LINUX, deviceUDID=9885b64b575a4f534a, password=Jyothi@321, chromedriverExecutable=C:/Users/e001207/Documents/DirectMoney/Project/WisrAutomation//Tool//chromedrivers//windows//chromedriver.exe, desired={bundleId=com.apple.mobilesafari.app, locationServicesEnabled=false, deviceName=Samsung S7, password=Jyothi@321, chromedriverExecutable=C:/Users/e001207/Documents/DirectMoney/Project/WisrAutomation//Tool//chromedrivers//windows//chromedriver.exe, locationServicesAuthorized=true, newCommandTimeout=1000000, platformVersion=7.0, useLocationServices=true, browserName=Chrome, platformName=Android, udid=9885b64b575a4f534a, user=jyothi.sanku@cigniti.com}, locationServicesAuthorized=true, newCommandTimeout=1000000, platformVersion=7.0, webStorageEnabled=false, takesScreenshot=true, browserName=Chrome, javascriptEnabled=true, platformName=Android, udid=9885b64b575a4f534a, deviceManufacturer=samsung, deviceScreenSize=1440x2560, networkConnectionEnabled=true, warnings={}, bundleId=com.apple.mobilesafari.app, databaseEnabled=false, locationContextEnabled=false, useLocationServices=true, deviceModel=SM-G930W8, user=jyothi.sanku@cigniti.com}]
Session ID: 7c18dc70-394a-4116-bbd8-4140dff29f47
	at sun.reflect.NativeConstructorAccessorImpl.newInstance0(Native Method)
	at sun.reflect.NativeConstructorAccessorImpl.newInstance(Unknown Source)
	at sun.reflect.DelegatingConstructorAccessorImpl.newInstance(Unknown Source)
	at java.lang.reflect.Constructor.newInstance(Unknown Source)
	at org.openqa.selenium.remote.ErrorHandler.createThrowable(ErrorHandler.java:206)
	at org.openqa.selenium.remote.ErrorHandler.throwIfResponseFailed(ErrorHandler.java:158)
	at org.openqa.selenium.remote.RemoteWebDriver.execute(RemoteWebDriver.java:683)
	at io.appium.java_client.DefaultGenericMobileDriver.execute(DefaultGenericMobileDriver.java:43)
	at io.appium.java_client.AppiumDriver.execute(AppiumDriver.java:1)
	at io.appium.java_client.android.AndroidDriver.execute(AndroidDriver.java:1)
	at org.openqa.selenium.remote.RemoteWebDriver.get(RemoteWebDriver.java:331)
	at org.openqa.selenium.remote.RemoteWebDriver$RemoteNavigation.to(RemoteWebDriver.java:974)
	at com.mobile.automation.scripts.QuoteRefer_Android.QuoteRefer_Android(QuoteRefer_Android.java:74)
	at sun.reflect.NativeMethodAccessorImpl.invoke0(Native Method)
	at sun.reflect.NativeMethodAccessorImpl.invoke(Unknown Source)
	at sun.reflect.DelegatingMethodAccessorImpl.invoke(Unknown Source)
	at java.lang.reflect.Method.invoke(Unknown Source)
	at org.testng.internal.MethodInvocationHelper.invokeMethod(MethodInvocationHelper.java:108)
	at org.testng.internal.Invoker.invokeMethod(Invoker.java:669)
	at org.testng.internal.Invoker.invokeTestMethod(Invoker.java:877)
	at org.testng.internal.Invoker.invokeTestMethods(Invoker.java:1201)
	at org.testng.internal.TestMethodWorker.invokeTestMethods(TestMethodWorker.java:125)
	at org.testng.internal.TestMethodWorker.run(TestMethodWorker.java:109)
	at org.testng.TestRunner.privateRun(TestRunner.java:776)
	at org.testng.TestRunner.run(TestRunner.java:634)
	at org.testng.SuiteRunner.runTest(SuiteRunner.java:425)
	at org.testng.SuiteRunner.access$000(SuiteRunner.java:40)
	at org.testng.SuiteRunner$SuiteWorker.run(SuiteRunner.java:459)
	at org.testng.internal.thread.ThreadUtil$1.call(ThreadUtil.java:52)
	at java.util.concurrent.FutureTask.run(Unknown Source)
	at java.util.concurrent.ThreadPoolExecutor.runWorker(Unknown Source)
	at java.util.concurrent.ThreadPoolExecutor$Worker.run(Unknown Source)
	at java.lang.Thread.run(Unknown Source)
]]>
    </error>
  </testcase> <!-- QuoteRefer_Android -->
  <testcase name="QuoteRefer_Android" time="0.030" classname="com.mobile.automation.scripts.QuoteRefer_Android">
    <error type="org.openqa.selenium.remote.SessionNotFoundException" message="A session is either terminated or not started (WARNING: The server did not provide any stacktrace information)
Command duration or timeout: 3 milliseconds
Build info: version: &#039;unknown&#039;, revision: &#039;f233563&#039;, time: &#039;2016-07-28 17:43:42 -0700&#039;
System info: host: &#039;HW2247&#039;, ip: &#039;10.250.84.47&#039;, os.name: &#039;Windows 7&#039;, os.arch: &#039;amd64&#039;, os.version: &#039;6.1&#039;, java.version: &#039;1.8.0_144&#039;
Driver info: io.appium.java_client.android.AndroidDriver
Capabilities [{locationServicesEnabled=false, deviceName=9885b64b575a4f534a, platform=LINUX, deviceUDID=9885b64b575a4f534a, password=Jyothi@321, chromedriverExecutable=C:/Users/e001207/Documents/DirectMoney/Project/WisrAutomation//Tool//chromedrivers//windows//chromedriver.exe, desired={bundleId=com.apple.mobilesafari.app, locationServicesEnabled=false, deviceName=Samsung S7, password=Jyothi@321, chromedriverExecutable=C:/Users/e001207/Documents/DirectMoney/Project/WisrAutomation//Tool//chromedrivers//windows//chromedriver.exe, locationServicesAuthorized=true, newCommandTimeout=1000000, platformVersion=7.0, useLocationServices=true, browserName=Chrome, platformName=Android, udid=9885b64b575a4f534a, user=jyothi.sanku@cigniti.com}, locationServicesAuthorized=true, newCommandTimeout=1000000, platformVersion=7.0, webStorageEnabled=false, takesScreenshot=true, browserName=Chrome, javascriptEnabled=true, platformName=Android, udid=9885b64b575a4f534a, deviceManufacturer=samsung, deviceScreenSize=1440x2560, networkConnectionEnabled=true, warnings={}, bundleId=com.apple.mobilesafari.app, databaseEnabled=false, locationContextEnabled=false, useLocationServices=true, deviceModel=SM-G930W8, user=jyothi.sanku@cigniti.com}]
Session ID: 7c18dc70-394a-4116-bbd8-4140dff29f47">
      <![CDATA[org.openqa.selenium.remote.SessionNotFoundException: A session is either terminated or not started (WARNING: The server did not provide any stacktrace information)
Command duration or timeout: 3 milliseconds
Build info: version: 'unknown', revision: 'f233563', time: '2016-07-28 17:43:42 -0700'
System info: host: 'HW2247', ip: '10.250.84.47', os.name: 'Windows 7', os.arch: 'amd64', os.version: '6.1', java.version: '1.8.0_144'
Driver info: io.appium.java_client.android.AndroidDriver
Capabilities [{locationServicesEnabled=false, deviceName=9885b64b575a4f534a, platform=LINUX, deviceUDID=9885b64b575a4f534a, password=Jyothi@321, chromedriverExecutable=C:/Users/e001207/Documents/DirectMoney/Project/WisrAutomation//Tool//chromedrivers//windows//chromedriver.exe, desired={bundleId=com.apple.mobilesafari.app, locationServicesEnabled=false, deviceName=Samsung S7, password=Jyothi@321, chromedriverExecutable=C:/Users/e001207/Documents/DirectMoney/Project/WisrAutomation//Tool//chromedrivers//windows//chromedriver.exe, locationServicesAuthorized=true, newCommandTimeout=1000000, platformVersion=7.0, useLocationServices=true, browserName=Chrome, platformName=Android, udid=9885b64b575a4f534a, user=jyothi.sanku@cigniti.com}, locationServicesAuthorized=true, newCommandTimeout=1000000, platformVersion=7.0, webStorageEnabled=false, takesScreenshot=true, browserName=Chrome, javascriptEnabled=true, platformName=Android, udid=9885b64b575a4f534a, deviceManufacturer=samsung, deviceScreenSize=1440x2560, networkConnectionEnabled=true, warnings={}, bundleId=com.apple.mobilesafari.app, databaseEnabled=false, locationContextEnabled=false, useLocationServices=true, deviceModel=SM-G930W8, user=jyothi.sanku@cigniti.com}]
Session ID: 7c18dc70-394a-4116-bbd8-4140dff29f47
	at sun.reflect.GeneratedConstructorAccessor25.newInstance(Unknown Source)
	at sun.reflect.DelegatingConstructorAccessorImpl.newInstance(Unknown Source)
	at java.lang.reflect.Constructor.newInstance(Unknown Source)
	at org.openqa.selenium.remote.ErrorHandler.createThrowable(ErrorHandler.java:206)
	at org.openqa.selenium.remote.ErrorHandler.throwIfResponseFailed(ErrorHandler.java:158)
	at org.openqa.selenium.remote.RemoteWebDriver.execute(RemoteWebDriver.java:683)
	at io.appium.java_client.DefaultGenericMobileDriver.execute(DefaultGenericMobileDriver.java:43)
	at io.appium.java_client.AppiumDriver.execute(AppiumDriver.java:1)
	at io.appium.java_client.android.AndroidDriver.execute(AndroidDriver.java:1)
	at org.openqa.selenium.remote.RemoteWebDriver.get(RemoteWebDriver.java:331)
	at org.openqa.selenium.remote.RemoteWebDriver$RemoteNavigation.to(RemoteWebDriver.java:974)
	at com.mobile.automation.scripts.QuoteRefer_Android.QuoteRefer_Android(QuoteRefer_Android.java:74)
	at sun.reflect.GeneratedMethodAccessor26.invoke(Unknown Source)
	at sun.reflect.DelegatingMethodAccessorImpl.invoke(Unknown Source)
	at java.lang.reflect.Method.invoke(Unknown Source)
	at org.testng.internal.MethodInvocationHelper.invokeMethod(MethodInvocationHelper.java:108)
	at org.testng.internal.Invoker.invokeMethod(Invoker.java:669)
	at org.testng.internal.Invoker.invokeTestMethod(Invoker.java:877)
	at org.testng.internal.Invoker.invokeTestMethods(Invoker.java:1201)
	at org.testng.internal.TestMethodWorker.invokeTestMethods(TestMethodWorker.java:125)
	at org.testng.internal.TestMethodWorker.run(TestMethodWorker.java:109)
	at org.testng.TestRunner.privateRun(TestRunner.java:776)
	at org.testng.TestRunner.run(TestRunner.java:634)
	at org.testng.SuiteRunner.runTest(SuiteRunner.java:425)
	at org.testng.SuiteRunner.access$000(SuiteRunner.java:40)
	at org.testng.SuiteRunner$SuiteWorker.run(SuiteRunner.java:459)
	at org.testng.internal.thread.ThreadUtil$1.call(ThreadUtil.java:52)
	at java.util.concurrent.FutureTask.run(Unknown Source)
	at java.util.concurrent.ThreadPoolExecutor.runWorker(Unknown Source)
	at java.util.concurrent.ThreadPoolExecutor$Worker.run(Unknown Source)
	at java.lang.Thread.run(Unknown Source)
]]>
    </error>
  </testcase> <!-- QuoteRefer_Android -->
  <testcase name="QuoteRefer_Android" time="0.039" classname="com.mobile.automation.scripts.QuoteRefer_Android">
    <error type="org.openqa.selenium.remote.SessionNotFoundException" message="A session is either terminated or not started (WARNING: The server did not provide any stacktrace information)
Command duration or timeout: 5 milliseconds
Build info: version: &#039;unknown&#039;, revision: &#039;f233563&#039;, time: &#039;2016-07-28 17:43:42 -0700&#039;
System info: host: &#039;HW2247&#039;, ip: &#039;10.250.84.47&#039;, os.name: &#039;Windows 7&#039;, os.arch: &#039;amd64&#039;, os.version: &#039;6.1&#039;, java.version: &#039;1.8.0_144&#039;
Driver info: io.appium.java_client.android.AndroidDriver
Capabilities [{locationServicesEnabled=false, deviceName=9885b64b575a4f534a, platform=LINUX, deviceUDID=9885b64b575a4f534a, password=Jyothi@321, chromedriverExecutable=C:/Users/e001207/Documents/DirectMoney/Project/WisrAutomation//Tool//chromedrivers//windows//chromedriver.exe, desired={bundleId=com.apple.mobilesafari.app, locationServicesEnabled=false, deviceName=Samsung S7, password=Jyothi@321, chromedriverExecutable=C:/Users/e001207/Documents/DirectMoney/Project/WisrAutomation//Tool//chromedrivers//windows//chromedriver.exe, locationServicesAuthorized=true, newCommandTimeout=1000000, platformVersion=7.0, useLocationServices=true, browserName=Chrome, platformName=Android, udid=9885b64b575a4f534a, user=jyothi.sanku@cigniti.com}, locationServicesAuthorized=true, newCommandTimeout=1000000, platformVersion=7.0, webStorageEnabled=false, takesScreenshot=true, browserName=Chrome, javascriptEnabled=true, platformName=Android, udid=9885b64b575a4f534a, deviceManufacturer=samsung, deviceScreenSize=1440x2560, networkConnectionEnabled=true, warnings={}, bundleId=com.apple.mobilesafari.app, databaseEnabled=false, locationContextEnabled=false, useLocationServices=true, deviceModel=SM-G930W8, user=jyothi.sanku@cigniti.com}]
Session ID: 7c18dc70-394a-4116-bbd8-4140dff29f47">
      <![CDATA[org.openqa.selenium.remote.SessionNotFoundException: A session is either terminated or not started (WARNING: The server did not provide any stacktrace information)
Command duration or timeout: 5 milliseconds
Build info: version: 'unknown', revision: 'f233563', time: '2016-07-28 17:43:42 -0700'
System info: host: 'HW2247', ip: '10.250.84.47', os.name: 'Windows 7', os.arch: 'amd64', os.version: '6.1', java.version: '1.8.0_144'
Driver info: io.appium.java_client.android.AndroidDriver
Capabilities [{locationServicesEnabled=false, deviceName=9885b64b575a4f534a, platform=LINUX, deviceUDID=9885b64b575a4f534a, password=Jyothi@321, chromedriverExecutable=C:/Users/e001207/Documents/DirectMoney/Project/WisrAutomation//Tool//chromedrivers//windows//chromedriver.exe, desired={bundleId=com.apple.mobilesafari.app, locationServicesEnabled=false, deviceName=Samsung S7, password=Jyothi@321, chromedriverExecutable=C:/Users/e001207/Documents/DirectMoney/Project/WisrAutomation//Tool//chromedrivers//windows//chromedriver.exe, locationServicesAuthorized=true, newCommandTimeout=1000000, platformVersion=7.0, useLocationServices=true, browserName=Chrome, platformName=Android, udid=9885b64b575a4f534a, user=jyothi.sanku@cigniti.com}, locationServicesAuthorized=true, newCommandTimeout=1000000, platformVersion=7.0, webStorageEnabled=false, takesScreenshot=true, browserName=Chrome, javascriptEnabled=true, platformName=Android, udid=9885b64b575a4f534a, deviceManufacturer=samsung, deviceScreenSize=1440x2560, networkConnectionEnabled=true, warnings={}, bundleId=com.apple.mobilesafari.app, databaseEnabled=false, locationContextEnabled=false, useLocationServices=true, deviceModel=SM-G930W8, user=jyothi.sanku@cigniti.com}]
Session ID: 7c18dc70-394a-4116-bbd8-4140dff29f47
	at sun.reflect.NativeConstructorAccessorImpl.newInstance0(Native Method)
	at sun.reflect.NativeConstructorAccessorImpl.newInstance(Unknown Source)
	at sun.reflect.DelegatingConstructorAccessorImpl.newInstance(Unknown Source)
	at java.lang.reflect.Constructor.newInstance(Unknown Source)
	at org.openqa.selenium.remote.ErrorHandler.createThrowable(ErrorHandler.java:206)
	at org.openqa.selenium.remote.ErrorHandler.throwIfResponseFailed(ErrorHandler.java:158)
	at org.openqa.selenium.remote.RemoteWebDriver.execute(RemoteWebDriver.java:683)
	at io.appium.java_client.DefaultGenericMobileDriver.execute(DefaultGenericMobileDriver.java:43)
	at io.appium.java_client.AppiumDriver.execute(AppiumDriver.java:1)
	at io.appium.java_client.android.AndroidDriver.execute(AndroidDriver.java:1)
	at org.openqa.selenium.remote.RemoteWebDriver.get(RemoteWebDriver.java:331)
	at org.openqa.selenium.remote.RemoteWebDriver$RemoteNavigation.to(RemoteWebDriver.java:974)
	at com.mobile.automation.scripts.QuoteRefer_Android.QuoteRefer_Android(QuoteRefer_Android.java:74)
	at sun.reflect.NativeMethodAccessorImpl.invoke0(Native Method)
	at sun.reflect.NativeMethodAccessorImpl.invoke(Unknown Source)
	at sun.reflect.DelegatingMethodAccessorImpl.invoke(Unknown Source)
	at java.lang.reflect.Method.invoke(Unknown Source)
	at org.testng.internal.MethodInvocationHelper.invokeMethod(MethodInvocationHelper.java:108)
	at org.testng.internal.Invoker.invokeMethod(Invoker.java:669)
	at org.testng.internal.Invoker.invokeTestMethod(Invoker.java:877)
	at org.testng.internal.Invoker.invokeTestMethods(Invoker.java:1201)
	at org.testng.internal.TestMethodWorker.invokeTestMethods(TestMethodWorker.java:125)
	at org.testng.internal.TestMethodWorker.run(TestMethodWorker.java:109)
	at org.testng.TestRunner.privateRun(TestRunner.java:776)
	at org.testng.TestRunner.run(TestRunner.java:634)
	at org.testng.SuiteRunner.runTest(SuiteRunner.java:425)
	at org.testng.SuiteRunner.access$000(SuiteRunner.java:40)
	at org.testng.SuiteRunner$SuiteWorker.run(SuiteRunner.java:459)
	at org.testng.internal.thread.ThreadUtil$1.call(ThreadUtil.java:52)
	at java.util.concurrent.FutureTask.run(Unknown Source)
	at java.util.concurrent.ThreadPoolExecutor.runWorker(Unknown Source)
	at java.util.concurrent.ThreadPoolExecutor$Worker.run(Unknown Source)
	at java.lang.Thread.run(Unknown Source)
]]>
    </error>
  </testcase> <!-- QuoteRefer_Android -->
  <testcase name="QuoteRefer_Android" time="0.024" classname="com.mobile.automation.scripts.QuoteRefer_Android">
    <error type="org.openqa.selenium.remote.SessionNotFoundException" message="A session is either terminated or not started (WARNING: The server did not provide any stacktrace information)
Command duration or timeout: 2 milliseconds
Build info: version: &#039;unknown&#039;, revision: &#039;f233563&#039;, time: &#039;2016-07-28 17:43:42 -0700&#039;
System info: host: &#039;HW2247&#039;, ip: &#039;10.250.84.47&#039;, os.name: &#039;Windows 7&#039;, os.arch: &#039;amd64&#039;, os.version: &#039;6.1&#039;, java.version: &#039;1.8.0_144&#039;
Driver info: io.appium.java_client.android.AndroidDriver
Capabilities [{locationServicesEnabled=false, deviceName=9885b64b575a4f534a, platform=LINUX, deviceUDID=9885b64b575a4f534a, password=Jyothi@321, chromedriverExecutable=C:/Users/e001207/Documents/DirectMoney/Project/WisrAutomation//Tool//chromedrivers//windows//chromedriver.exe, desired={bundleId=com.apple.mobilesafari.app, locationServicesEnabled=false, deviceName=Samsung S7, password=Jyothi@321, chromedriverExecutable=C:/Users/e001207/Documents/DirectMoney/Project/WisrAutomation//Tool//chromedrivers//windows//chromedriver.exe, locationServicesAuthorized=true, newCommandTimeout=1000000, platformVersion=7.0, useLocationServices=true, browserName=Chrome, platformName=Android, udid=9885b64b575a4f534a, user=jyothi.sanku@cigniti.com}, locationServicesAuthorized=true, newCommandTimeout=1000000, platformVersion=7.0, webStorageEnabled=false, takesScreenshot=true, browserName=Chrome, javascriptEnabled=true, platformName=Android, udid=9885b64b575a4f534a, deviceManufacturer=samsung, deviceScreenSize=1440x2560, networkConnectionEnabled=true, warnings={}, bundleId=com.apple.mobilesafari.app, databaseEnabled=false, locationContextEnabled=false, useLocationServices=true, deviceModel=SM-G930W8, user=jyothi.sanku@cigniti.com}]
Session ID: 7c18dc70-394a-4116-bbd8-4140dff29f47">
      <![CDATA[org.openqa.selenium.remote.SessionNotFoundException: A session is either terminated or not started (WARNING: The server did not provide any stacktrace information)
Command duration or timeout: 2 milliseconds
Build info: version: 'unknown', revision: 'f233563', time: '2016-07-28 17:43:42 -0700'
System info: host: 'HW2247', ip: '10.250.84.47', os.name: 'Windows 7', os.arch: 'amd64', os.version: '6.1', java.version: '1.8.0_144'
Driver info: io.appium.java_client.android.AndroidDriver
Capabilities [{locationServicesEnabled=false, deviceName=9885b64b575a4f534a, platform=LINUX, deviceUDID=9885b64b575a4f534a, password=Jyothi@321, chromedriverExecutable=C:/Users/e001207/Documents/DirectMoney/Project/WisrAutomation//Tool//chromedrivers//windows//chromedriver.exe, desired={bundleId=com.apple.mobilesafari.app, locationServicesEnabled=false, deviceName=Samsung S7, password=Jyothi@321, chromedriverExecutable=C:/Users/e001207/Documents/DirectMoney/Project/WisrAutomation//Tool//chromedrivers//windows//chromedriver.exe, locationServicesAuthorized=true, newCommandTimeout=1000000, platformVersion=7.0, useLocationServices=true, browserName=Chrome, platformName=Android, udid=9885b64b575a4f534a, user=jyothi.sanku@cigniti.com}, locationServicesAuthorized=true, newCommandTimeout=1000000, platformVersion=7.0, webStorageEnabled=false, takesScreenshot=true, browserName=Chrome, javascriptEnabled=true, platformName=Android, udid=9885b64b575a4f534a, deviceManufacturer=samsung, deviceScreenSize=1440x2560, networkConnectionEnabled=true, warnings={}, bundleId=com.apple.mobilesafari.app, databaseEnabled=false, locationContextEnabled=false, useLocationServices=true, deviceModel=SM-G930W8, user=jyothi.sanku@cigniti.com}]
Session ID: 7c18dc70-394a-4116-bbd8-4140dff29f47
	at sun.reflect.NativeConstructorAccessorImpl.newInstance0(Native Method)
	at sun.reflect.NativeConstructorAccessorImpl.newInstance(Unknown Source)
	at sun.reflect.DelegatingConstructorAccessorImpl.newInstance(Unknown Source)
	at java.lang.reflect.Constructor.newInstance(Unknown Source)
	at org.openqa.selenium.remote.ErrorHandler.createThrowable(ErrorHandler.java:206)
	at org.openqa.selenium.remote.ErrorHandler.throwIfResponseFailed(ErrorHandler.java:158)
	at org.openqa.selenium.remote.RemoteWebDriver.execute(RemoteWebDriver.java:683)
	at io.appium.java_client.DefaultGenericMobileDriver.execute(DefaultGenericMobileDriver.java:43)
	at io.appium.java_client.AppiumDriver.execute(AppiumDriver.java:1)
	at io.appium.java_client.android.AndroidDriver.execute(AndroidDriver.java:1)
	at org.openqa.selenium.remote.RemoteWebDriver.get(RemoteWebDriver.java:331)
	at org.openqa.selenium.remote.RemoteWebDriver$RemoteNavigation.to(RemoteWebDriver.java:974)
	at com.mobile.automation.scripts.QuoteRefer_Android.QuoteRefer_Android(QuoteRefer_Android.java:74)
	at sun.reflect.NativeMethodAccessorImpl.invoke0(Native Method)
	at sun.reflect.NativeMethodAccessorImpl.invoke(Unknown Source)
	at sun.reflect.DelegatingMethodAccessorImpl.invoke(Unknown Source)
	at java.lang.reflect.Method.invoke(Unknown Source)
	at org.testng.internal.MethodInvocationHelper.invokeMethod(MethodInvocationHelper.java:108)
	at org.testng.internal.Invoker.invokeMethod(Invoker.java:669)
	at org.testng.internal.Invoker.invokeTestMethod(Invoker.java:877)
	at org.testng.internal.Invoker.invokeTestMethods(Invoker.java:1201)
	at org.testng.internal.TestMethodWorker.invokeTestMethods(TestMethodWorker.java:125)
	at org.testng.internal.TestMethodWorker.run(TestMethodWorker.java:109)
	at org.testng.TestRunner.privateRun(TestRunner.java:776)
	at org.testng.TestRunner.run(TestRunner.java:634)
	at org.testng.SuiteRunner.runTest(SuiteRunner.java:425)
	at org.testng.SuiteRunner.access$000(SuiteRunner.java:40)
	at org.testng.SuiteRunner$SuiteWorker.run(SuiteRunner.java:459)
	at org.testng.internal.thread.ThreadUtil$1.call(ThreadUtil.java:52)
	at java.util.concurrent.FutureTask.run(Unknown Source)
	at java.util.concurrent.ThreadPoolExecutor.runWorker(Unknown Source)
	at java.util.concurrent.ThreadPoolExecutor$Worker.run(Unknown Source)
	at java.lang.Thread.run(Unknown Source)
]]>
[...]
	at sun.reflect.NativeMethodAccessorImpl.invoke0(Native Method)
	at sun.reflect.NativeMethodAccessorImpl.invoke(Unknown Source)
	at sun.reflect.DelegatingMethodAccessorImpl.invoke(Unknown Source)
	at java.lang.reflect.Method.invoke(Unknown Source)
	at org.testng.internal.MethodInvocationHelper.invokeMethod(MethodInvocationHelper.java:108)
	at org.testng.internal.Invoker.invokeMethod(Invoker.java:669)
	at org.testng.internal.Invoker.invokeTestMethod(Invoker.java:877)
	at org.testng.internal.Invoker.invokeTestMethods(Invoker.java:1201)
	at org.testng.internal.TestMethodWorker.invokeTestMethods(TestMethodWorker.java:125)
	at org.testng.internal.TestMethodWorker.run(TestMethodWorker.java:109)
	at org.testng.TestRunner.privateRun(TestRunner.java:776)
	at org.testng.TestRunner.run(TestRunner.java:634)
	at org.testng.SuiteRunner.runTest(SuiteRunner.java:425)
	at org.testng.SuiteRunner.access$000(SuiteRunner.java:40)
	at org.testng.SuiteRunner$SuiteWorker.run(SuiteRunner.java:459)
	at org.testng.internal.thread.ThreadUtil$1.call(ThreadUtil.java:52)
	at java.util.concurrent.FutureTask.run(Unknown Source)
	at java.util.concurrent.ThreadPoolExecutor.runWorker(Unknown Source)
	at java.util.concurrent.ThreadPoolExecutor$Worker.run(Unknown Source)
	at java.lang.Thread.run(Unknown Source)
]]>
    </error>
  </testcase> <!-- QuoteRefer_Android -->
  <testcase name="QuoteRefer_Android" time="0.025" classname="com.mobile.automation.scripts.QuoteRefer_Android">
    <error type="org.openqa.selenium.remote.SessionNotFoundException" message="A session is either terminated or not started (WARNING: The server did not provide any stacktrace information)
Command duration or timeout: 4 milliseconds
Build info: version: &#039;unknown&#039;, revision: &#039;f233563&#039;, time: &#039;2016-07-28 17:43:42 -0700&#039;
System info: host: &#039;HW2247&#039;, ip: &#039;10.250.84.47&#039;, os.name: &#039;Windows 7&#039;, os.arch: &#039;amd64&#039;, os.version: &#039;6.1&#039;, java.version: &#039;1.8.0_144&#039;
Driver info: io.appium.java_client.android.AndroidDriver
Capabilities [{locationServicesEnabled=false, deviceName=9885b64b575a4f534a, platform=LINUX, deviceUDID=9885b64b575a4f534a, password=Jyothi@321, chromedriverExecutable=C:/Users/e001207/Documents/DirectMoney/Project/WisrAutomation//Tool//chromedrivers//windows//chromedriver.exe, desired={bundleId=com.apple.mobilesafari.app, locationServicesEnabled=false, deviceName=Samsung S7, password=Jyothi@321, chromedriverExecutable=C:/Users/e001207/Documents/DirectMoney/Project/WisrAutomation//Tool//chromedrivers//windows//chromedriver.exe, locationServicesAuthorized=true, newCommandTimeout=1000000, platformVersion=7.0, useLocationServices=true, browserName=Chrome, platformName=Android, udid=9885b64b575a4f534a, user=jyothi.sanku@cigniti.com}, locationServicesAuthorized=true, newCommandTimeout=1000000, platformVersion=7.0, webStorageEnabled=false, takesScreenshot=true, browserName=Chrome, javascriptEnabled=true, platformName=Android, udid=9885b64b575a4f534a, deviceManufacturer=samsung, deviceScreenSize=1440x2560, networkConnectionEnabled=true, warnings={}, bundleId=com.apple.mobilesafari.app, databaseEnabled=false, locationContextEnabled=false, useLocationServices=true, deviceModel=SM-G930W8, user=jyothi.sanku@cigniti.com}]
Session ID: 7c18dc70-394a-4116-bbd8-4140dff29f47">
      <![CDATA[org.openqa.selenium.remote.SessionNotFoundException: A session is either terminated or not started (WARNING: The server did not provide any stacktrace information)
Command duration or timeout: 4 milliseconds
Build info: version: 'unknown', revision: 'f233563', time: '2016-07-28 17:43:42 -0700'
System info: host: 'HW2247', ip: '10.250.84.47', os.name: 'Windows 7', os.arch: 'amd64', os.version: '6.1', java.version: '1.8.0_144'
Driver info: io.appium.java_client.android.AndroidDriver
Capabilities [{locationServicesEnabled=false, deviceName=9885b64b575a4f534a, platform=LINUX, deviceUDID=9885b64b575a4f534a, password=Jyothi@321, chromedriverExecutable=C:/Users/e001207/Documents/DirectMoney/Project/WisrAutomation//Tool//chromedrivers//windows//chromedriver.exe, desired={bundleId=com.apple.mobilesafari.app, locationServicesEnabled=false, deviceName=Samsung S7, password=Jyothi@321, chromedriverExecutable=C:/Users/e001207/Documents/DirectMoney/Project/WisrAutomation//Tool//chromedrivers//windows//chromedriver.exe, locationServicesAuthorized=true, newCommandTimeout=1000000, platformVersion=7.0, useLocationServices=true, browserName=Chrome, platformName=Android, udid=9885b64b575a4f534a, user=jyothi.sanku@cigniti.com}, locationServicesAuthorized=true, newCommandTimeout=1000000, platformVersion=7.0, webStorageEnabled=false, takesScreenshot=true, browserName=Chrome, javascriptEnabled=true, platformName=Android, udid=9885b64b575a4f534a, deviceManufacturer=samsung, deviceScreenSize=1440x2560, networkConnectionEnabled=true, warnings={}, bundleId=com.apple.mobilesafari.app, databaseEnabled=false, locationContextEnabled=false, useLocationServices=true, deviceModel=SM-G930W8, user=jyothi.sanku@cigniti.com}]
Session ID: 7c18dc70-394a-4116-bbd8-4140dff29f47
	at sun.reflect.GeneratedConstructorAccessor25.newInstance(Unknown Source)
	at sun.reflect.DelegatingConstructorAccessorImpl.newInstance(Unknown Source)
	at java.lang.reflect.Constructor.newInstance(Unknown Source)
	at org.openqa.selenium.remote.ErrorHandler.createThrowable(ErrorHandler.java:206)
	at org.openqa.selenium.remote.ErrorHandler.throwIfResponseFailed(ErrorHandler.java:158)
	at org.openqa.selenium.remote.RemoteWebDriver.execute(RemoteWebDriver.java:683)
	at io.appium.java_client.DefaultGenericMobileDriver.execute(DefaultGenericMobileDriver.java:43)
	at io.appium.java_client.AppiumDriver.execute(AppiumDriver.java:1)
	at io.appium.java_client.android.AndroidDriver.execute(AndroidDriver.java:1)
	at org.openqa.selenium.remote.RemoteWebDriver.get(RemoteWebDriver.java:331)
	at org.openqa.selenium.remote.RemoteWebDriver$RemoteNavigation.to(RemoteWebDriver.java:974)
	at com.mobile.automation.scripts.QuoteRefer_Android.QuoteRefer_Android(QuoteRefer_Android.java:74)
	at sun.reflect.GeneratedMethodAccessor26.invoke(Unknown Source)
	at sun.reflect.DelegatingMethodAccessorImpl.invoke(Unknown Source)
	at java.lang.reflect.Method.invoke(Unknown Source)
	at org.testng.internal.MethodInvocationHelper.invokeMethod(MethodInvocationHelper.java:108)
	at org.testng.internal.Invoker.invokeMethod(Invoker.java:669)
	at org.testng.internal.Invoker.invokeTestMethod(Invoker.java:877)
	at org.testng.internal.Invoker.invokeTestMethods(Invoker.java:1201)
	at org.testng.internal.TestMethodWorker.invokeTestMethods(TestMethodWorker.java:125)
	at org.testng.internal.TestMethodWorker.run(TestMethodWorker.java:109)
	at org.testng.TestRunner.privateRun(TestRunner.java:776)
	at org.testng.TestRunner.run(TestRunner.java:634)
	at org.testng.SuiteRunner.runTest(SuiteRunner.java:425)
	at org.testng.SuiteRunner.access$000(SuiteRunner.java:40)
	at org.testng.SuiteRunner$SuiteWorker.run(SuiteRunner.java:459)
	at org.testng.internal.thread.ThreadUtil$1.call(ThreadUtil.java:52)
	at java.util.concurrent.FutureTask.run(Unknown Source)
	at java.util.concurrent.ThreadPoolExecutor.runWorker(Unknown Source)
	at java.util.concurrent.ThreadPoolExecutor$Worker.run(Unknown Source)
	at java.lang.Thread.run(Unknown Source)
]]>
    </error>
  </testcase> <!-- QuoteRefer_Android -->
  <testcase name="QuoteRefer_Android" time="0.031" classname="com.mobile.automation.scripts.QuoteRefer_Android">
    <error type="org.openqa.selenium.remote.SessionNotFoundException" message="A session is either terminated or not started (WARNING: The server did not provide any stacktrace information)
Command duration or timeout: 10 milliseconds
Build info: version: &#039;unknown&#039;, revision: &#039;f233563&#039;, time: &#039;2016-07-28 17:43:42 -0700&#039;
System info: host: &#039;HW2247&#039;, ip: &#039;10.250.84.47&#039;, os.name: &#039;Windows 7&#039;, os.arch: &#039;amd64&#039;, os.version: &#039;6.1&#039;, java.version: &#039;1.8.0_144&#039;
Driver info: io.appium.java_client.android.AndroidDriver
Capabilities [{locationServicesEnabled=false, deviceName=9885b64b575a4f534a, platform=LINUX, deviceUDID=9885b64b575a4f534a, password=Jyothi@321, chromedriverExecutable=C:/Users/e001207/Documents/DirectMoney/Project/WisrAutomation//Tool//chromedrivers//windows//chromedriver.exe, desired={bundleId=com.apple.mobilesafari.app, locationServicesEnabled=false, deviceName=Samsung S7, password=Jyothi@321, chromedriverExecutable=C:/Users/e001207/Documents/DirectMoney/Project/WisrAutomation//Tool//chromedrivers//windows//chromedriver.exe, locationServicesAuthorized=true, newCommandTimeout=1000000, platformVersion=7.0, useLocationServices=true, browserName=Chrome, platformName=Android, udid=9885b64b575a4f534a, user=jyothi.sanku@cigniti.com}, locationServicesAuthorized=true, newCommandTimeout=1000000, platformVersion=7.0, webStorageEnabled=false, takesScreenshot=true, browserName=Chrome, javascriptEnabled=true, platformName=Android, udid=9885b64b575a4f534a, deviceManufacturer=samsung, deviceScreenSize=1440x2560, networkConnectionEnabled=true, warnings={}, bundleId=com.apple.mobilesafari.app, databaseEnabled=false, locationContextEnabled=false, useLocationServices=true, deviceModel=SM-G930W8, user=jyothi.sanku@cigniti.com}]
Session ID: 7c18dc70-394a-4116-bbd8-4140dff29f47">
      <![CDATA[org.openqa.selenium.remote.SessionNotFoundException: A session is either terminated or not started (WARNING: The server did not provide any stacktrace information)
Command duration or timeout: 10 milliseconds
Build info: version: 'unknown', revision: 'f233563', time: '2016-07-28 17:43:42 -0700'
System info: host: 'HW2247', ip: '10.250.84.47', os.name: 'Windows 7', os.arch: 'amd64', os.version: '6.1', java.version: '1.8.0_144'
Driver info: io.appium.java_client.android.AndroidDriver
Capabilities [{locationServicesEnabled=false, deviceName=9885b64b575a4f534a, platform=LINUX, deviceUDID=9885b64b575a4f534a, password=Jyothi@321, chromedriverExecutable=C:/Users/e001207/Documents/DirectMoney/Project/WisrAutomation//Tool//chromedrivers//windows//chromedriver.exe, desired={bundleId=com.apple.mobilesafari.app, locationServicesEnabled=false, deviceName=Samsung S7, password=Jyothi@321, chromedriverExecutable=C:/Users/e001207/Documents/DirectMoney/Project/WisrAutomation//Tool//chromedrivers//windows//chromedriver.exe, locationServicesAuthorized=true, newCommandTimeout=1000000, platformVersion=7.0, useLocationServices=true, browserName=Chrome, platformName=Android, udid=9885b64b575a4f534a, user=jyothi.sanku@cigniti.com}, locationServicesAuthorized=true, newCommandTimeout=1000000, platformVersion=7.0, webStorageEnabled=false, takesScreenshot=true, browserName=Chrome, javascriptEnabled=true, platformName=Android, udid=9885b64b575a4f534a, deviceManufacturer=samsung, deviceScreenSize=1440x2560, networkConnectionEnabled=true, warnings={}, bundleId=com.apple.mobilesafari.app, databaseEnabled=false, locationContextEnabled=false, useLocationServices=true, deviceModel=SM-G930W8, user=jyothi.sanku@cigniti.com}]
Session ID: 7c18dc70-394a-4116-bbd8-4140dff29f47
	at sun.reflect.NativeConstructorAccessorImpl.newInstance0(Native Method)
	at sun.reflect.NativeConstructorAccessorImpl.newInstance(Unknown Source)
	at sun.reflect.DelegatingConstructorAccessorImpl.newInstance(Unknown Source)
	at java.lang.reflect.Constructor.newInstance(Unknown Source)
	at org.openqa.selenium.remote.ErrorHandler.createThrowable(ErrorHandler.java:206)
	at org.openqa.selenium.remote.ErrorHandler.throwIfResponseFailed(ErrorHandler.java:158)
	at org.openqa.selenium.remote.RemoteWebDriver.execute(RemoteWebDriver.java:683)
	at io.appium.java_client.DefaultGenericMobileDriver.execute(DefaultGenericMobileDriver.java:43)
	at io.appium.java_client.AppiumDriver.execute(AppiumDriver.java:1)
	at io.appium.java_client.android.AndroidDriver.execute(AndroidDriver.java:1)
	at org.openqa.selenium.remote.RemoteWebDriver.get(RemoteWebDriver.java:331)
	at org.openqa.selenium.remote.RemoteWebDriver$RemoteNavigation.to(RemoteWebDriver.java:974)
	at com.mobile.automation.scripts.QuoteRefer_Android.QuoteRefer_Android(QuoteRefer_Android.java:74)
	at sun.reflect.NativeMethodAccessorImpl.invoke0(Native Method)
	at sun.reflect.NativeMethodAccessorImpl.invoke(Unknown Source)
	at sun.reflect.DelegatingMethodAccessorImpl.invoke(Unknown Source)
	at java.lang.reflect.Method.invoke(Unknown Source)
	at org.testng.internal.MethodInvocationHelper.invokeMethod(MethodInvocationHelper.java:108)
	at org.testng.internal.Invoker.invokeMethod(Invoker.java:669)
	at org.testng.internal.Invoker.invokeTestMethod(Invoker.java:877)
	at org.testng.internal.Invoker.invokeTestMethods(Invoker.java:1201)
	at org.testng.internal.TestMethodWorker.invokeTestMethods(TestMethodWorker.java:125)
	at org.testng.internal.TestMethodWorker.run(TestMethodWorker.java:109)
	at org.testng.TestRunner.privateRun(TestRunner.java:776)
	at org.testng.TestRunner.run(TestRunner.java:634)
	at org.testng.SuiteRunner.runTest(SuiteRunner.java:425)
	at org.testng.SuiteRunner.access$000(SuiteRunner.java:40)
	at org.testng.SuiteRunner$SuiteWorker.run(SuiteRunner.java:459)
	at org.testng.internal.thread.ThreadUtil$1.call(ThreadUtil.java:52)
	at java.util.concurrent.FutureTask.run(Unknown Source)
	at java.util.concurrent.ThreadPoolExecutor.runWorker(Unknown Source)
	at java.util.concurrent.ThreadPoolExecutor$Worker.run(Unknown Source)
	at java.lang.Thread.run(Unknown Source)
]]>
    </error>
  </testcase> <!-- QuoteRefer_Android -->
  <testcase name="QuoteRefer_Android" time="0.025" classname="com.mobile.automation.scripts.QuoteRefer_Android">
    <error type="org.openqa.selenium.remote.SessionNotFoundException" message="A session is either terminated or not started (WARNING: The server did not provide any stacktrace information)
Command duration or timeout: 4 milliseconds
Build info: version: &#039;unknown&#039;, revision: &#039;f233563&#039;, time: &#039;2016-07-28 17:43:42 -0700&#039;
System info: host: &#039;HW2247&#039;, ip: &#039;10.250.84.47&#039;, os.name: &#039;Windows 7&#039;, os.arch: &#039;amd64&#039;, os.version: &#039;6.1&#039;, java.version: &#039;1.8.0_144&#039;
Driver info: io.appium.java_client.android.AndroidDriver
Capabilities [{locationServicesEnabled=false, deviceName=9885b64b575a4f534a, platform=LINUX, deviceUDID=9885b64b575a4f534a, password=Jyothi@321, chromedriverExecutable=C:/Users/e001207/Documents/DirectMoney/Project/WisrAutomation//Tool//chromedrivers//windows//chromedriver.exe, desired={bundleId=com.apple.mobilesafari.app, locationServicesEnabled=false, deviceName=Samsung S7, password=Jyothi@321, chromedriverExecutable=C:/Users/e001207/Documents/DirectMoney/Project/WisrAutomation//Tool//chromedrivers//windows//chromedriver.exe, locationServicesAuthorized=true, newCommandTimeout=1000000, platformVersion=7.0, useLocationServices=true, browserName=Chrome, platformName=Android, udid=9885b64b575a4f534a, user=jyothi.sanku@cigniti.com}, locationServicesAuthorized=true, newCommandTimeout=1000000, platformVersion=7.0, webStorageEnabled=false, takesScreenshot=true, browserName=Chrome, javascriptEnabled=true, platformName=Android, udid=9885b64b575a4f534a, deviceManufacturer=samsung, deviceScreenSize=1440x2560, networkConnectionEnabled=true, warnings={}, bundleId=com.apple.mobilesafari.app, databaseEnabled=false, locationContextEnabled=false, useLocationServices=true, deviceModel=SM-G930W8, user=jyothi.sanku@cigniti.com}]
Session ID: 7c18dc70-394a-4116-bbd8-4140dff29f47">
      <![CDATA[org.openqa.selenium.remote.SessionNotFoundException: A session is either terminated or not started (WARNING: The server did not provide any stacktrace information)
Command duration or timeout: 4 milliseconds
Build info: version: 'unknown', revision: 'f233563', time: '2016-07-28 17:43:42 -0700'
System info: host: 'HW2247', ip: '10.250.84.47', os.name: 'Windows 7', os.arch: 'amd64', os.version: '6.1', java.version: '1.8.0_144'
Driver info: io.appium.java_client.android.AndroidDriver
Capabilities [{locationServicesEnabled=false, deviceName=9885b64b575a4f534a, platform=LINUX, deviceUDID=9885b64b575a4f534a, password=Jyothi@321, chromedriverExecutable=C:/Users/e001207/Documents/DirectMoney/Project/WisrAutomation//Tool//chromedrivers//windows//chromedriver.exe, desired={bundleId=com.apple.mobilesafari.app, locationServicesEnabled=false, deviceName=Samsung S7, password=Jyothi@321, chromedriverExecutable=C:/Users/e001207/Documents/DirectMoney/Project/WisrAutomation//Tool//chromedrivers//windows//chromedriver.exe, locationServicesAuthorized=true, newCommandTimeout=1000000, platformVersion=7.0, useLocationServices=true, browserName=Chrome, platformName=Android, udid=9885b64b575a4f534a, user=jyothi.sanku@cigniti.com}, locationServicesAuthorized=true, newCommandTimeout=1000000, platformVersion=7.0, webStorageEnabled=false, takesScreenshot=true, browserName=Chrome, javascriptEnabled=true, platformName=Android, udid=9885b64b575a4f534a, deviceManufacturer=samsung, deviceScreenSize=1440x2560, networkConnectionEnabled=true, warnings={}, bundleId=com.apple.mobilesafari.app, databaseEnabled=false, locationContextEnabled=false, useLocationServices=true, deviceModel=SM-G930W8, user=jyothi.sanku@cigniti.com}]
Session ID: 7c18dc70-394a-4116-bbd8-4140dff29f47
	at sun.reflect.NativeConstructorAccessorImpl.newInstance0(Native Method)
	at sun.reflect.NativeConstructorAccessorImpl.newInstance(Unknown Source)
	at sun.reflect.DelegatingConstructorAccessorImpl.newInstance(Unknown Source)
	at java.lang.reflect.Constructor.newInstance(Unknown Source)
	at org.openqa.selenium.remote.ErrorHandler.createThrowable(ErrorHandler.java:206)
	at org.openqa.selenium.remote.ErrorHandler.throwIfResponseFailed(ErrorHandler.java:158)
	at org.openqa.selenium.remote.RemoteWebDriver.execute(RemoteWebDriver.java:683)
	at io.appium.java_client.DefaultGenericMobileDriver.execute(DefaultGenericMobileDriver.java:43)
	at io.appium.java_client.AppiumDriver.execute(AppiumDriver.java:1)
	at io.appium.java_client.android.AndroidDriver.execute(AndroidDriver.java:1)
	at org.openqa.selenium.remote.RemoteWebDriver.get(RemoteWebDriver.java:331)
	at org.openqa.selenium.remote.RemoteWebDriver$RemoteNavigation.to(RemoteWebDriver.java:974)
	at com.mobile.automation.scripts.QuoteRefer_Android.QuoteRefer_Android(QuoteRefer_Android.java:74)
	at sun.reflect.NativeMethodAccessorImpl.invoke0(Native Method)
	at sun.reflect.NativeMethodAccessorImpl.invoke(Unknown Source)
	at sun.reflect.DelegatingMethodAccessorImpl.invoke(Unknown Source)
	at java.lang.reflect.Method.invoke(Unknown Source)
	at org.testng.internal.MethodInvocationHelper.invokeMethod(MethodInvocationHelper.java:108)
	at org.testng.internal.Invoker.invokeMethod(Invoker.java:669)
	at org.testng.internal.Invoker.invokeTestMethod(Invoker.java:877)
	at org.testng.internal.Invoker.invokeTestMethods(Invoker.java:1201)
	at org.testng.internal.TestMethodWorker.invokeTestMethods(TestMethodWorker.java:125)
	at org.testng.internal.TestMethodWorker.run(TestMethodWorker.java:109)
	at org.testng.TestRunner.privateRun(TestRunner.java:776)
	at org.testng.TestRunner.run(TestRunner.java:634)
	at org.testng.SuiteRunner.runTest(SuiteRunner.java:425)
	at org.testng.SuiteRunner.access$000(SuiteRunner.java:40)
	at org.testng.SuiteRunner$SuiteWorker.run(SuiteRunner.java:459)
	at org.testng.internal.thread.ThreadUtil$1.call(ThreadUtil.java:52)
	at java.util.concurrent.FutureTask.run(Unknown Source)
	at java.util.concurrent.ThreadPoolExecutor.runWorker(Unknown Source)
	at java.util.concurrent.ThreadPoolExecutor$Worker.run(Unknown Source)
	at java.lang.Thread.run(Unknown Source)
]]>
    </error>
  </testcase> <!-- QuoteRefer_Android -->
  <testcase name="QuoteRefer_Android" time="102.352" classname="com.mobile.automation.scripts.QuoteRefer_Android"/>
</testsuite> <!-- com.mobile.automation.scripts.QuoteRefer_Android -->
